2023-12-08 08:09:33,404.404 INFO feature_selection - <module>: Selection loop iteration 1 | Initial channels: [0, 1, 2, 3]
2023-12-08 08:14:48,632.632 INFO feature_selection - run_selection_iteration: Basic scores: (0.2080502883574743, 0.1654551665038682)
2023-12-08 08:14:48,633.633 INFO feature_selection - run_selection_iteration: Starting evaluation of additional feature (4)
2023-12-08 08:20:10,614.614 INFO feature_selection - run_selection_iteration: Best treshold: 0.3
2023-12-08 08:20:10,615.615 INFO feature_selection - run_selection_iteration: Train score: 0.1826600194511867
2023-12-08 08:20:10,615.615 INFO feature_selection - run_selection_iteration: Validation score: 0.22038577747997593
2023-12-08 08:20:10,615.615 INFO feature_selection - run_selection_iteration: Starting evaluation of additional feature (5)
2023-12-08 08:25:33,537.537 INFO feature_selection - run_selection_iteration: Best treshold: 0.29
2023-12-08 08:25:33,537.537 INFO feature_selection - run_selection_iteration: Train score: 0.1972608384014833
2023-12-08 08:25:33,537.537 INFO feature_selection - run_selection_iteration: Validation score: 0.241594044462935
2023-12-08 08:25:33,537.537 INFO feature_selection - run_selection_iteration: Starting evaluation of additional feature (6)
2023-12-08 08:30:58,841.841 INFO feature_selection - run_selection_iteration: Best treshold: 0.31
2023-12-08 08:30:58,841.841 INFO feature_selection - run_selection_iteration: Train score: 0.16842870308624863
2023-12-08 08:30:58,841.841 INFO feature_selection - run_selection_iteration: Validation score: 0.2092602856964757
2023-12-08 08:30:58,841.841 INFO feature_selection - run_selection_iteration: Starting evaluation of additional feature (7)
2023-12-08 08:36:21,117.117 INFO feature_selection - run_selection_iteration: Best treshold: 0.29
2023-12-08 08:36:21,117.117 INFO feature_selection - run_selection_iteration: Train score: 0.1713674312784144
2023-12-08 08:36:21,117.117 INFO feature_selection - run_selection_iteration: Validation score: 0.20972734405205765
2023-12-08 08:36:21,117.117 INFO feature_selection - run_selection_iteration: Starting evaluation of additional feature (8)
2023-12-08 08:41:42,693.693 INFO feature_selection - run_selection_iteration: Best treshold: 0.3
2023-12-08 08:41:42,693.693 INFO feature_selection - run_selection_iteration: Train score: 0.18593609795436217
2023-12-08 08:41:42,693.693 INFO feature_selection - run_selection_iteration: Validation score: 0.19208409156211087
2023-12-08 08:41:42,694.694 INFO feature_selection - run_selection_iteration: Starting evaluation of additional feature (9)
2023-12-08 08:47:03,455.455 INFO feature_selection - run_selection_iteration: Best treshold: 0.3
2023-12-08 08:47:03,455.455 INFO feature_selection - run_selection_iteration: Train score: 0.15536616889039434
2023-12-08 08:47:03,455.455 INFO feature_selection - run_selection_iteration: Validation score: 0.19562012213618396
2023-12-08 08:47:03,456.456 INFO feature_selection - run_selection_iteration: Starting evaluation of additional feature (10)
2023-12-08 08:52:24,888.888 INFO feature_selection - run_selection_iteration: Best treshold: 0.31
2023-12-08 08:52:24,888.888 INFO feature_selection - run_selection_iteration: Train score: 0.18427206167206892
2023-12-08 08:52:24,888.888 INFO feature_selection - run_selection_iteration: Validation score: 0.20376982951650927
2023-12-08 08:52:24,888.888 INFO feature_selection - run_selection_iteration: Starting evaluation of additional feature (11)
2023-12-08 08:57:46,115.115 INFO feature_selection - run_selection_iteration: Best treshold: 0.3
2023-12-08 08:57:46,115.115 INFO feature_selection - run_selection_iteration: Train score: 0.17522872807698933
2023-12-08 08:57:46,115.115 INFO feature_selection - run_selection_iteration: Validation score: 0.18018205823083872
2023-12-08 08:57:46,116.116 INFO feature_selection - run_selection_iteration: Starting evaluation of additional feature (12)
2023-12-08 09:03:08,037.037 INFO feature_selection - run_selection_iteration: Best treshold: 0.32
2023-12-08 09:03:08,037.037 INFO feature_selection - run_selection_iteration: Train score: 0.17337197514817185
2023-12-08 09:03:08,038.038 INFO feature_selection - run_selection_iteration: Validation score: 0.17254617697594504
2023-12-08 09:03:08,038.038 INFO feature_selection - run_selection_iteration: Starting evaluation of additional feature (13)
2023-12-08 09:08:29,802.802 INFO feature_selection - run_selection_iteration: Best treshold: 0.32
2023-12-08 09:08:29,802.802 INFO feature_selection - run_selection_iteration: Train score: 0.1792228342723475
2023-12-08 09:08:29,802.802 INFO feature_selection - run_selection_iteration: Validation score: 0.18599038517682323
2023-12-08 09:08:29,812.812 INFO feature_selection - run_selection_iteration: Starting evaluation of additional feature (14)
2023-12-08 09:13:52,210.210 INFO feature_selection - run_selection_iteration: Best treshold: 0.3
2023-12-08 09:13:52,210.210 INFO feature_selection - run_selection_iteration: Train score: 0.19042811765410972
2023-12-08 09:13:52,210.210 INFO feature_selection - run_selection_iteration: Validation score: 0.19819863003849122
2023-12-08 09:13:52,210.210 INFO feature_selection - run_selection_iteration: Starting evaluation of additional feature (15)
2023-12-08 09:19:16,389.389 INFO feature_selection - run_selection_iteration: Best treshold: 0.29
2023-12-08 09:19:16,389.389 INFO feature_selection - run_selection_iteration: Train score: 0.2017905102954342
2023-12-08 09:19:16,389.389 INFO feature_selection - run_selection_iteration: Validation score: 0.19591326875312895
2023-12-08 09:19:16,389.389 INFO feature_selection - run_selection_iteration: Starting evaluation of additional feature (16)
2023-12-08 09:24:35,125.125 INFO feature_selection - run_selection_iteration: Best treshold: 0.29
2023-12-08 09:24:35,125.125 INFO feature_selection - run_selection_iteration: Train score: 0.18566928699766203
2023-12-08 09:24:35,125.125 INFO feature_selection - run_selection_iteration: Validation score: 0.20530720546429976
2023-12-08 09:24:35,125.125 INFO feature_selection - run_selection_iteration: Starting evaluation of additional feature (17)
2023-12-08 09:29:53,056.056 INFO feature_selection - run_selection_iteration: Best treshold: 0.3
2023-12-08 09:29:53,056.056 INFO feature_selection - run_selection_iteration: Train score: 0.19252093233763296
2023-12-08 09:29:53,056.056 INFO feature_selection - run_selection_iteration: Validation score: 0.18723953089434414
2023-12-08 09:29:53,056.056 INFO feature_selection - run_selection_iteration: Starting evaluation of additional feature (18)
2023-12-08 09:35:12,732.732 INFO feature_selection - run_selection_iteration: Best treshold: 0.33
2023-12-08 09:35:12,732.732 INFO feature_selection - run_selection_iteration: Train score: 0.22796687206489702
2023-12-08 09:35:12,732.732 INFO feature_selection - run_selection_iteration: Validation score: 0.1702491233980003
2023-12-08 09:35:12,733.733 INFO feature_selection - run_selection_iteration: Starting evaluation of additional feature (19)
2023-12-08 09:40:33,189.189 INFO feature_selection - run_selection_iteration: Best treshold: 0.31
2023-12-08 09:40:33,190.190 INFO feature_selection - run_selection_iteration: Train score: 0.19073954716510383
2023-12-08 09:40:33,190.190 INFO feature_selection - run_selection_iteration: Validation score: 0.18547566428534717
2023-12-08 09:40:33,190.190 INFO feature_selection - run_selection_iteration: Starting evaluation of additional feature (20)
2023-12-08 09:45:52,943.943 INFO feature_selection - run_selection_iteration: Best treshold: 0.33
2023-12-08 09:45:52,943.943 INFO feature_selection - run_selection_iteration: Train score: 0.22986950762379865
2023-12-08 09:45:52,943.943 INFO feature_selection - run_selection_iteration: Validation score: 0.22690614344192253
2023-12-08 09:45:52,944.944 INFO feature_selection - run_selection_iteration: Starting evaluation of additional feature (21)
2023-12-08 09:51:13,313.313 INFO feature_selection - run_selection_iteration: Best treshold: 0.33
2023-12-08 09:51:13,313.313 INFO feature_selection - run_selection_iteration: Train score: 0.27012188088738515
2023-12-08 09:51:13,313.313 INFO feature_selection - run_selection_iteration: Validation score: 0.20248959722946172
2023-12-08 09:51:13,314.314 INFO feature_selection - run_selection_iteration: Starting evaluation of additional feature (22)
2023-12-08 09:56:34,326.326 INFO feature_selection - run_selection_iteration: Best treshold: 0.32
2023-12-08 09:56:34,326.326 INFO feature_selection - run_selection_iteration: Train score: 0.22426965158928738
2023-12-08 09:56:34,326.326 INFO feature_selection - run_selection_iteration: Validation score: 0.22039508208051647
2023-12-08 09:56:34,326.326 INFO feature_selection - run_selection_iteration: Starting evaluation of additional feature (23)
2023-12-08 10:01:54,881.881 INFO feature_selection - run_selection_iteration: Best treshold: 0.32
2023-12-08 10:01:54,881.881 INFO feature_selection - run_selection_iteration: Train score: 0.22766003451272465
2023-12-08 10:01:54,881.881 INFO feature_selection - run_selection_iteration: Validation score: 0.22483464063537337
2023-12-08 10:01:54,881.881 INFO feature_selection - run_selection_iteration: Starting evaluation of additional feature (24)
2023-12-08 10:07:15,656.656 INFO feature_selection - run_selection_iteration: Best treshold: 0.33
2023-12-08 10:07:15,656.656 INFO feature_selection - run_selection_iteration: Train score: 0.22233980730998626
2023-12-08 10:07:15,656.656 INFO feature_selection - run_selection_iteration: Validation score: 0.19331298063481217
2023-12-08 10:07:15,658.658 INFO feature_selection - <module>: New channel added: 5 ((0.2080502883574743, 0.1654551665038682) -> (0.1972608384014833, 0.241594044462935))
2023-12-08 10:07:15,659.659 INFO feature_selection - <module>: Selection loop iteration 2 | Initial channels: [0, 1, 2, 3, 5]
2023-12-08 10:12:35,801.801 INFO feature_selection - run_selection_iteration: Basic scores: (0.19705710500111098, 0.23520315065670544)
2023-12-08 10:12:35,802.802 INFO feature_selection - run_selection_iteration: Starting evaluation of additional feature (4)
2023-12-08 10:17:57,225.225 INFO feature_selection - run_selection_iteration: Best treshold: 0.29
2023-12-08 10:17:57,225.225 INFO feature_selection - run_selection_iteration: Train score: 0.16538125371464532
2023-12-08 10:17:57,225.225 INFO feature_selection - run_selection_iteration: Validation score: 0.21109272089349101
2023-12-08 10:17:57,225.225 INFO feature_selection - run_selection_iteration: Starting evaluation of additional feature (6)
2023-12-08 10:23:18,830.830 INFO feature_selection - run_selection_iteration: Best treshold: 0.29
2023-12-08 10:23:18,830.830 INFO feature_selection - run_selection_iteration: Train score: 0.15312130785045086
2023-12-08 10:23:18,830.830 INFO feature_selection - run_selection_iteration: Validation score: 0.18637178828597434
2023-12-08 10:23:18,830.830 INFO feature_selection - run_selection_iteration: Starting evaluation of additional feature (7)
2023-12-08 10:28:42,419.419 INFO feature_selection - run_selection_iteration: Best treshold: 0.29
2023-12-08 10:28:42,419.419 INFO feature_selection - run_selection_iteration: Train score: 0.15129713217526103
2023-12-08 10:28:42,419.419 INFO feature_selection - run_selection_iteration: Validation score: 0.19060843260533009
2023-12-08 10:28:42,419.419 INFO feature_selection - run_selection_iteration: Starting evaluation of additional feature (8)
2023-12-08 10:34:02,543.543 INFO feature_selection - run_selection_iteration: Best treshold: 0.31
2023-12-08 10:34:02,543.543 INFO feature_selection - run_selection_iteration: Train score: 0.16499745851245073
2023-12-08 10:34:02,543.543 INFO feature_selection - run_selection_iteration: Validation score: 0.21172657823446628
2023-12-08 10:34:02,543.543 INFO feature_selection - run_selection_iteration: Starting evaluation of additional feature (9)
2023-12-08 10:39:20,705.705 INFO feature_selection - run_selection_iteration: Best treshold: 0.29
2023-12-08 10:39:20,705.705 INFO feature_selection - run_selection_iteration: Train score: 0.14250496177153263
2023-12-08 10:39:20,705.705 INFO feature_selection - run_selection_iteration: Validation score: 0.17021598689015965
2023-12-08 10:39:20,705.705 INFO feature_selection - run_selection_iteration: Starting evaluation of additional feature (10)
2023-12-08 10:44:38,895.895 INFO feature_selection - run_selection_iteration: Best treshold: 0.3
2023-12-08 10:44:38,895.895 INFO feature_selection - run_selection_iteration: Train score: 0.15788065151206018
2023-12-08 10:44:38,895.895 INFO feature_selection - run_selection_iteration: Validation score: 0.2077154733551519
2023-12-08 10:44:38,895.895 INFO feature_selection - run_selection_iteration: Starting evaluation of additional feature (11)
2023-12-08 10:49:57,225.225 INFO feature_selection - run_selection_iteration: Best treshold: 0.31
2023-12-08 10:49:57,225.225 INFO feature_selection - run_selection_iteration: Train score: 0.146545607360326
2023-12-08 10:49:57,225.225 INFO feature_selection - run_selection_iteration: Validation score: 0.20904436371957325
2023-12-08 10:49:57,225.225 INFO feature_selection - run_selection_iteration: Starting evaluation of additional feature (12)
2023-12-08 10:55:15,367.367 INFO feature_selection - run_selection_iteration: Best treshold: 0.3
2023-12-08 10:55:15,367.367 INFO feature_selection - run_selection_iteration: Train score: 0.1548155004838642
2023-12-08 10:55:15,367.367 INFO feature_selection - run_selection_iteration: Validation score: 0.21943682672832535
2023-12-08 10:55:15,367.367 INFO feature_selection - run_selection_iteration: Starting evaluation of additional feature (13)
2023-12-08 11:00:33,762.762 INFO feature_selection - run_selection_iteration: Best treshold: 0.3
2023-12-08 11:00:33,762.762 INFO feature_selection - run_selection_iteration: Train score: 0.15475331162724204
2023-12-08 11:00:33,762.762 INFO feature_selection - run_selection_iteration: Validation score: 0.21633283483292065
2023-12-08 11:00:33,762.762 INFO feature_selection - run_selection_iteration: Starting evaluation of additional feature (14)
2023-12-08 11:05:52,344.344 INFO feature_selection - run_selection_iteration: Best treshold: 0.31
2023-12-08 11:05:52,344.344 INFO feature_selection - run_selection_iteration: Train score: 0.16821730256852066
2023-12-08 11:05:52,344.344 INFO feature_selection - run_selection_iteration: Validation score: 0.20149534001286407
2023-12-08 11:05:52,344.344 INFO feature_selection - run_selection_iteration: Starting evaluation of additional feature (15)
2023-12-08 11:11:12,787.787 INFO feature_selection - run_selection_iteration: Best treshold: 0.31
2023-12-08 11:11:12,787.787 INFO feature_selection - run_selection_iteration: Train score: 0.16759674663522545
2023-12-08 11:11:12,787.787 INFO feature_selection - run_selection_iteration: Validation score: 0.21827748117560342
2023-12-08 11:11:12,788.788 INFO feature_selection - run_selection_iteration: Starting evaluation of additional feature (16)
2023-12-08 11:16:34,411.411 INFO feature_selection - run_selection_iteration: Best treshold: 0.3
2023-12-08 11:16:34,411.411 INFO feature_selection - run_selection_iteration: Train score: 0.15763796268096789
2023-12-08 11:16:34,411.411 INFO feature_selection - run_selection_iteration: Validation score: 0.18707056018735174
2023-12-08 11:16:34,411.411 INFO feature_selection - run_selection_iteration: Starting evaluation of additional feature (17)
2023-12-08 11:21:56,838.838 INFO feature_selection - run_selection_iteration: Best treshold: 0.3
2023-12-08 11:21:56,838.838 INFO feature_selection - run_selection_iteration: Train score: 0.1558801900393819
2023-12-08 11:21:56,838.838 INFO feature_selection - run_selection_iteration: Validation score: 0.19068993068482723
2023-12-08 11:21:56,839.839 INFO feature_selection - run_selection_iteration: Starting evaluation of additional feature (18)
2023-12-08 11:27:21,201.201 INFO feature_selection - run_selection_iteration: Best treshold: 0.32
2023-12-08 11:27:21,201.201 INFO feature_selection - run_selection_iteration: Train score: 0.18338611270418922
2023-12-08 11:27:21,201.201 INFO feature_selection - run_selection_iteration: Validation score: 0.22935754562567362
2023-12-08 11:27:21,201.201 INFO feature_selection - run_selection_iteration: Starting evaluation of additional feature (19)
2023-12-08 11:32:44,745.745 INFO feature_selection - run_selection_iteration: Best treshold: 0.31
2023-12-08 11:32:44,745.745 INFO feature_selection - run_selection_iteration: Train score: 0.1707370716147954
2023-12-08 11:32:44,745.745 INFO feature_selection - run_selection_iteration: Validation score: 0.23801467839852053
2023-12-08 11:32:44,745.745 INFO feature_selection - run_selection_iteration: Starting evaluation of additional feature (20)
2023-12-08 11:38:08,039.039 INFO feature_selection - run_selection_iteration: Best treshold: 0.33
2023-12-08 11:38:08,039.039 INFO feature_selection - run_selection_iteration: Train score: 0.1904306001347348
2023-12-08 11:38:08,039.039 INFO feature_selection - run_selection_iteration: Validation score: 0.23369530577774944
2023-12-08 11:38:08,039.039 INFO feature_selection - run_selection_iteration: Starting evaluation of additional feature (21)
2023-12-08 11:43:31,952.952 INFO feature_selection - run_selection_iteration: Best treshold: 0.35
2023-12-08 11:43:31,952.952 INFO feature_selection - run_selection_iteration: Train score: 0.24825122157575177
2023-12-08 11:43:31,952.952 INFO feature_selection - run_selection_iteration: Validation score: 0.2245950884792195
2023-12-08 11:43:31,953.953 INFO feature_selection - run_selection_iteration: Starting evaluation of additional feature (22)
2023-12-08 11:48:55,950.950 INFO feature_selection - run_selection_iteration: Best treshold: 0.32
2023-12-08 11:48:55,950.950 INFO feature_selection - run_selection_iteration: Train score: 0.19600616208589489
2023-12-08 11:48:55,950.950 INFO feature_selection - run_selection_iteration: Validation score: 0.22301345791617938
2023-12-08 11:48:55,951.951 INFO feature_selection - run_selection_iteration: Starting evaluation of additional feature (23)
2023-12-08 11:54:19,071.071 INFO feature_selection - run_selection_iteration: Best treshold: 0.32
2023-12-08 11:54:19,071.071 INFO feature_selection - run_selection_iteration: Train score: 0.19469347688741065
2023-12-08 11:54:19,071.071 INFO feature_selection - run_selection_iteration: Validation score: 0.23250950208881752
2023-12-08 11:54:19,081.081 INFO feature_selection - run_selection_iteration: Starting evaluation of additional feature (24)
2023-12-08 11:59:41,620.620 INFO feature_selection - run_selection_iteration: Best treshold: 0.33
2023-12-08 11:59:41,620.620 INFO feature_selection - run_selection_iteration: Train score: 0.1906001774710074
2023-12-08 11:59:41,620.620 INFO feature_selection - run_selection_iteration: Validation score: 0.23676565335699634
2023-12-08 11:59:41,623.623 INFO feature_selection - <module>: New channel added: 19 ((0.19705710500111098, 0.23520315065670544) -> (0.1707370716147954, 0.23801467839852053))
2023-12-08 11:59:41,623.623 INFO feature_selection - <module>: Selection loop iteration 3 | Initial channels: [0, 1, 2, 3, 5, 19]
2023-12-08 12:05:06,634.634 INFO feature_selection - run_selection_iteration: Basic scores: (0.16983208997787055, 0.22959118689436686)
2023-12-08 12:05:06,635.635 INFO feature_selection - run_selection_iteration: Starting evaluation of additional feature (4)
2023-12-08 12:10:27,061.061 INFO feature_selection - run_selection_iteration: Best treshold: 0.28
2023-12-08 12:10:27,062.062 INFO feature_selection - run_selection_iteration: Train score: 0.1581082567798009
2023-12-08 12:10:27,062.062 INFO feature_selection - run_selection_iteration: Validation score: 0.1983479808959097
2023-12-08 12:10:27,062.062 INFO feature_selection - run_selection_iteration: Starting evaluation of additional feature (6)
2023-12-08 12:15:47,503.503 INFO feature_selection - run_selection_iteration: Best treshold: 0.3
2023-12-08 12:15:47,503.503 INFO feature_selection - run_selection_iteration: Train score: 0.145908764643717
2023-12-08 12:15:47,503.503 INFO feature_selection - run_selection_iteration: Validation score: 0.15486852644248272
2023-12-08 12:15:47,504.504 INFO feature_selection - run_selection_iteration: Starting evaluation of additional feature (7)
2023-12-08 12:21:08,788.788 INFO feature_selection - run_selection_iteration: Best treshold: 0.28
2023-12-08 12:21:08,788.788 INFO feature_selection - run_selection_iteration: Train score: 0.14709210388429877
2023-12-08 12:21:08,788.788 INFO feature_selection - run_selection_iteration: Validation score: 0.16654577281147154
2023-12-08 12:21:08,789.789 INFO feature_selection - run_selection_iteration: Starting evaluation of additional feature (8)
2023-12-08 12:26:28,865.865 INFO feature_selection - run_selection_iteration: Best treshold: 0.28
2023-12-08 12:26:28,865.865 INFO feature_selection - run_selection_iteration: Train score: 0.16675010723658432
2023-12-08 12:26:28,865.865 INFO feature_selection - run_selection_iteration: Validation score: 0.2150262134772794
2023-12-08 12:26:28,865.865 INFO feature_selection - run_selection_iteration: Starting evaluation of additional feature (9)
2023-12-08 12:31:48,887.887 INFO feature_selection - run_selection_iteration: Best treshold: 0.28
2023-12-08 12:31:48,887.887 INFO feature_selection - run_selection_iteration: Train score: 0.14281109279263762
2023-12-08 12:31:48,887.887 INFO feature_selection - run_selection_iteration: Validation score: 0.17585446097233917
2023-12-08 12:31:48,887.887 INFO feature_selection - run_selection_iteration: Starting evaluation of additional feature (10)
2023-12-08 12:37:10,030.030 INFO feature_selection - run_selection_iteration: Best treshold: 0.28
2023-12-08 12:37:10,030.030 INFO feature_selection - run_selection_iteration: Train score: 0.14112461271586504
2023-12-08 12:37:10,030.030 INFO feature_selection - run_selection_iteration: Validation score: 0.17470742332153377
2023-12-08 12:37:10,030.030 INFO feature_selection - run_selection_iteration: Starting evaluation of additional feature (11)
2023-12-08 12:42:30,962.962 INFO feature_selection - run_selection_iteration: Best treshold: 0.29
2023-12-08 12:42:30,963.963 INFO feature_selection - run_selection_iteration: Train score: 0.15117808841410216
2023-12-08 12:42:30,963.963 INFO feature_selection - run_selection_iteration: Validation score: 0.18037320196128553
2023-12-08 12:42:30,964.964 INFO feature_selection - run_selection_iteration: Starting evaluation of additional feature (12)
2023-12-08 12:47:50,048.048 INFO feature_selection - run_selection_iteration: Best treshold: 0.3
2023-12-08 12:47:50,049.049 INFO feature_selection - run_selection_iteration: Train score: 0.14930563850452955
2023-12-08 12:47:50,049.049 INFO feature_selection - run_selection_iteration: Validation score: 0.18051116571318312
2023-12-08 12:47:50,050.050 INFO feature_selection - run_selection_iteration: Starting evaluation of additional feature (13)
2023-12-08 12:53:08,522.522 INFO feature_selection - run_selection_iteration: Best treshold: 0.28
2023-12-08 12:53:08,522.522 INFO feature_selection - run_selection_iteration: Train score: 0.14633940975876733
2023-12-08 12:53:08,522.522 INFO feature_selection - run_selection_iteration: Validation score: 0.1722182640655923
2023-12-08 12:53:08,522.522 INFO feature_selection - run_selection_iteration: Starting evaluation of additional feature (14)
2023-12-08 12:58:25,855.855 INFO feature_selection - run_selection_iteration: Best treshold: 0.29
2023-12-08 12:58:25,855.855 INFO feature_selection - run_selection_iteration: Train score: 0.1678367461595794
2023-12-08 12:58:25,855.855 INFO feature_selection - run_selection_iteration: Validation score: 0.18835653492896612
2023-12-08 12:58:25,855.855 INFO feature_selection - run_selection_iteration: Starting evaluation of additional feature (15)
2023-12-08 13:03:44,526.526 INFO feature_selection - run_selection_iteration: Best treshold: 0.29
2023-12-08 13:03:44,526.526 INFO feature_selection - run_selection_iteration: Train score: 0.16293662516017335
2023-12-08 13:03:44,526.526 INFO feature_selection - run_selection_iteration: Validation score: 0.19242660393079444
2023-12-08 13:03:44,526.526 INFO feature_selection - run_selection_iteration: Starting evaluation of additional feature (16)
2023-12-08 13:09:04,069.069 INFO feature_selection - run_selection_iteration: Best treshold: 0.29
2023-12-08 13:09:04,069.069 INFO feature_selection - run_selection_iteration: Train score: 0.15982889270307524
2023-12-08 13:09:04,069.069 INFO feature_selection - run_selection_iteration: Validation score: 0.18542942907443608
2023-12-08 13:09:04,070.070 INFO feature_selection - run_selection_iteration: Starting evaluation of additional feature (17)
2023-12-08 13:14:22,886.886 INFO feature_selection - run_selection_iteration: Best treshold: 0.29
2023-12-08 13:14:22,886.886 INFO feature_selection - run_selection_iteration: Train score: 0.16386434040321848
2023-12-08 13:14:22,886.886 INFO feature_selection - run_selection_iteration: Validation score: 0.1907773955167466
2023-12-08 13:14:22,887.887 INFO feature_selection - run_selection_iteration: Starting evaluation of additional feature (18)
2023-12-08 13:19:40,982.982 INFO feature_selection - run_selection_iteration: Best treshold: 0.29
2023-12-08 13:19:40,982.982 INFO feature_selection - run_selection_iteration: Train score: 0.16956112663783793
2023-12-08 13:19:40,982.982 INFO feature_selection - run_selection_iteration: Validation score: 0.2143066576430214
2023-12-08 13:19:40,982.982 INFO feature_selection - run_selection_iteration: Starting evaluation of additional feature (20)
2023-12-08 13:25:00,586.586 INFO feature_selection - run_selection_iteration: Best treshold: 0.29
2023-12-08 13:25:00,586.586 INFO feature_selection - run_selection_iteration: Train score: 0.16783467928617063
2023-12-08 13:25:00,587.587 INFO feature_selection - run_selection_iteration: Validation score: 0.21277116169568738
2023-12-08 13:25:00,587.587 INFO feature_selection - run_selection_iteration: Starting evaluation of additional feature (21)
2023-12-08 13:30:19,441.441 INFO feature_selection - run_selection_iteration: Best treshold: 0.33
2023-12-08 13:30:19,441.441 INFO feature_selection - run_selection_iteration: Train score: 0.2497960448788989
2023-12-08 13:30:19,441.441 INFO feature_selection - run_selection_iteration: Validation score: 0.23226016950688672
2023-12-08 13:30:19,442.442 INFO feature_selection - run_selection_iteration: Starting evaluation of additional feature (22)
2023-12-08 13:35:39,148.148 INFO feature_selection - run_selection_iteration: Best treshold: 0.3
2023-12-08 13:35:39,148.148 INFO feature_selection - run_selection_iteration: Train score: 0.1742918140560605
2023-12-08 13:35:39,148.148 INFO feature_selection - run_selection_iteration: Validation score: 0.19973043235145613
2023-12-08 13:35:39,148.148 INFO feature_selection - run_selection_iteration: Starting evaluation of additional feature (23)
2023-12-08 13:40:57,792.792 INFO feature_selection - run_selection_iteration: Best treshold: 0.31
2023-12-08 13:40:57,792.792 INFO feature_selection - run_selection_iteration: Train score: 0.1749411032293197
2023-12-08 13:40:57,792.792 INFO feature_selection - run_selection_iteration: Validation score: 0.19520204323634047
2023-12-08 13:40:57,792.792 INFO feature_selection - run_selection_iteration: Starting evaluation of additional feature (24)
2023-12-08 13:46:17,797.797 INFO feature_selection - run_selection_iteration: Best treshold: 0.29
2023-12-08 13:46:17,797.797 INFO feature_selection - run_selection_iteration: Train score: 0.16778371672170295
2023-12-08 13:46:17,797.797 INFO feature_selection - run_selection_iteration: Validation score: 0.21617619222589662
2023-12-08 13:46:17,800.800 INFO feature_selection - <module>: New channel added: 21 ((0.16983208997787055, 0.22959118689436686) -> (0.2497960448788989, 0.23226016950688672))
2023-12-08 13:46:17,800.800 INFO feature_selection - <module>: Selection loop iteration 4 | Initial channels: [0, 1, 2, 3, 5, 19, 21]
2023-12-08 13:51:38,264.264 INFO feature_selection - run_selection_iteration: Basic scores: (0.24810508365547418, 0.2236974355282908)
2023-12-08 13:51:38,265.265 INFO feature_selection - run_selection_iteration: Starting evaluation of additional feature (4)
2023-12-08 13:57:03,477.477 INFO feature_selection - run_selection_iteration: Best treshold: 0.35
2023-12-08 13:57:03,477.477 INFO feature_selection - run_selection_iteration: Train score: 0.2499351794233562
2023-12-08 13:57:03,477.477 INFO feature_selection - run_selection_iteration: Validation score: 0.22733205332873105
2023-12-08 13:57:03,477.477 INFO feature_selection - run_selection_iteration: Starting evaluation of additional feature (6)
2023-12-08 14:02:29,177.177 INFO feature_selection - run_selection_iteration: Best treshold: 0.34
2023-12-08 14:02:29,177.177 INFO feature_selection - run_selection_iteration: Train score: 0.251294229107005
2023-12-08 14:02:29,177.177 INFO feature_selection - run_selection_iteration: Validation score: 0.23338313800164534
2023-12-08 14:02:29,178.178 INFO feature_selection - run_selection_iteration: Starting evaluation of additional feature (7)
2023-12-08 14:07:55,833.833 INFO feature_selection - run_selection_iteration: Best treshold: 0.34
2023-12-08 14:07:55,833.833 INFO feature_selection - run_selection_iteration: Train score: 0.24669916438786307
2023-12-08 14:07:55,833.833 INFO feature_selection - run_selection_iteration: Validation score: 0.22814035035252075
2023-12-08 14:07:55,833.833 INFO feature_selection - run_selection_iteration: Starting evaluation of additional feature (8)
2023-12-08 14:13:23,053.053 INFO feature_selection - run_selection_iteration: Best treshold: 0.34
2023-12-08 14:13:23,053.053 INFO feature_selection - run_selection_iteration: Train score: 0.2517363284626712
2023-12-08 14:13:23,054.054 INFO feature_selection - run_selection_iteration: Validation score: 0.22970118482572072
2023-12-08 14:13:23,054.054 INFO feature_selection - run_selection_iteration: Starting evaluation of additional feature (9)
2023-12-08 14:18:51,843.843 INFO feature_selection - run_selection_iteration: Best treshold: 0.34
2023-12-08 14:18:51,843.843 INFO feature_selection - run_selection_iteration: Train score: 0.23932130835167126
2023-12-08 14:18:51,843.843 INFO feature_selection - run_selection_iteration: Validation score: 0.2208429553547046
2023-12-08 14:18:51,843.843 INFO feature_selection - run_selection_iteration: Starting evaluation of additional feature (10)
2023-12-08 14:24:17,259.259 INFO feature_selection - run_selection_iteration: Best treshold: 0.34
2023-12-08 14:24:17,260.260 INFO feature_selection - run_selection_iteration: Train score: 0.2611556239871389
2023-12-08 14:24:17,260.260 INFO feature_selection - run_selection_iteration: Validation score: 0.23426856803649504
2023-12-08 14:24:17,260.260 INFO feature_selection - run_selection_iteration: Starting evaluation of additional feature (11)
2023-12-08 14:29:43,223.223 INFO feature_selection - run_selection_iteration: Best treshold: 0.33
2023-12-08 14:29:43,223.223 INFO feature_selection - run_selection_iteration: Train score: 0.254888804670484
2023-12-08 14:29:43,223.223 INFO feature_selection - run_selection_iteration: Validation score: 0.23390892495929747
2023-12-08 14:29:43,223.223 INFO feature_selection - run_selection_iteration: Starting evaluation of additional feature (12)
2023-12-08 14:35:08,095.095 INFO feature_selection - run_selection_iteration: Best treshold: 0.34
2023-12-08 14:35:08,095.095 INFO feature_selection - run_selection_iteration: Train score: 0.2585942428475719
2023-12-08 14:35:08,095.095 INFO feature_selection - run_selection_iteration: Validation score: 0.22811305179005908
2023-12-08 14:35:08,096.096 INFO feature_selection - run_selection_iteration: Starting evaluation of additional feature (13)
2023-12-08 14:40:35,536.536 INFO feature_selection - run_selection_iteration: Best treshold: 0.33
2023-12-08 14:40:35,536.536 INFO feature_selection - run_selection_iteration: Train score: 0.2601515420258668
2023-12-08 14:40:35,536.536 INFO feature_selection - run_selection_iteration: Validation score: 0.2338837021100211
2023-12-08 14:40:35,536.536 INFO feature_selection - run_selection_iteration: Starting evaluation of additional feature (14)
2023-12-08 14:46:00,335.335 INFO feature_selection - run_selection_iteration: Best treshold: 0.33
2023-12-08 14:46:00,335.335 INFO feature_selection - run_selection_iteration: Train score: 0.2530487545181193
2023-12-08 14:46:00,335.335 INFO feature_selection - run_selection_iteration: Validation score: 0.23982977739008063
2023-12-08 14:46:00,336.336 INFO feature_selection - run_selection_iteration: Starting evaluation of additional feature (15)
2023-12-08 14:51:24,782.782 INFO feature_selection - run_selection_iteration: Best treshold: 0.34
2023-12-08 14:51:24,782.782 INFO feature_selection - run_selection_iteration: Train score: 0.25550325437405635
2023-12-08 14:51:24,782.782 INFO feature_selection - run_selection_iteration: Validation score: 0.22214507694315844
2023-12-08 14:51:24,783.783 INFO feature_selection - run_selection_iteration: Starting evaluation of additional feature (16)
2023-12-08 14:56:48,614.614 INFO feature_selection - run_selection_iteration: Best treshold: 0.33
2023-12-08 14:56:48,614.614 INFO feature_selection - run_selection_iteration: Train score: 0.2556156637503061
2023-12-08 14:56:48,614.614 INFO feature_selection - run_selection_iteration: Validation score: 0.23154790311055223
2023-12-08 14:56:48,614.614 INFO feature_selection - run_selection_iteration: Starting evaluation of additional feature (17)
2023-12-08 15:02:11,320.320 INFO feature_selection - run_selection_iteration: Best treshold: 0.34
2023-12-08 15:02:11,320.320 INFO feature_selection - run_selection_iteration: Train score: 0.25517287250123954
2023-12-08 15:02:11,320.320 INFO feature_selection - run_selection_iteration: Validation score: 0.23129316478732043
2023-12-08 15:02:11,320.320 INFO feature_selection - run_selection_iteration: Starting evaluation of additional feature (18)
2023-12-08 15:07:34,252.252 INFO feature_selection - run_selection_iteration: Best treshold: 0.34
2023-12-08 15:07:34,252.252 INFO feature_selection - run_selection_iteration: Train score: 0.25128595805036064
2023-12-08 15:07:34,252.252 INFO feature_selection - run_selection_iteration: Validation score: 0.22795097396417163
2023-12-08 15:07:34,253.253 INFO feature_selection - run_selection_iteration: Starting evaluation of additional feature (20)
2023-12-08 15:13:00,458.458 INFO feature_selection - run_selection_iteration: Best treshold: 0.34
2023-12-08 15:13:00,458.458 INFO feature_selection - run_selection_iteration: Train score: 0.2502699204149207
2023-12-08 15:13:00,458.458 INFO feature_selection - run_selection_iteration: Validation score: 0.2378725619846832
2023-12-08 15:13:00,459.459 INFO feature_selection - run_selection_iteration: Starting evaluation of additional feature (22)
2023-12-08 15:18:28,567.567 INFO feature_selection - run_selection_iteration: Best treshold: 0.34
2023-12-08 15:18:28,567.567 INFO feature_selection - run_selection_iteration: Train score: 0.2504732071044563
2023-12-08 15:18:28,567.567 INFO feature_selection - run_selection_iteration: Validation score: 0.22800853145524963
2023-12-08 15:18:28,568.568 INFO feature_selection - run_selection_iteration: Starting evaluation of additional feature (23)
2023-12-08 15:23:55,064.064 INFO feature_selection - run_selection_iteration: Best treshold: 0.33
2023-12-08 15:23:55,065.065 INFO feature_selection - run_selection_iteration: Train score: 0.2500035347979651
2023-12-08 15:23:55,065.065 INFO feature_selection - run_selection_iteration: Validation score: 0.2399482929756931
2023-12-08 15:23:55,065.065 INFO feature_selection - run_selection_iteration: Starting evaluation of additional feature (24)
2023-12-08 15:29:20,126.126 INFO feature_selection - run_selection_iteration: Best treshold: 0.33
2023-12-08 15:29:20,127.127 INFO feature_selection - run_selection_iteration: Train score: 0.2504248288546614
2023-12-08 15:29:20,127.127 INFO feature_selection - run_selection_iteration: Validation score: 0.23981194196958053
2023-12-08 15:29:20,129.129 INFO feature_selection - <module>: New channel added: 23 ((0.24810508365547418, 0.2236974355282908) -> (0.2500035347979651, 0.2399482929756931))
2023-12-08 15:29:20,129.129 INFO feature_selection - <module>: Selection loop iteration 5 | Initial channels: [0, 1, 2, 3, 5, 19, 21, 23]
2023-12-08 15:34:44,811.811 INFO feature_selection - run_selection_iteration: Basic scores: (0.25117155696876065, 0.2254429260220821)
2023-12-08 15:34:44,812.812 INFO feature_selection - run_selection_iteration: Starting evaluation of additional feature (4)
2023-12-08 15:40:53,393.393 INFO feature_selection - run_selection_iteration: Best treshold: 0.32
2023-12-08 15:40:53,393.393 INFO feature_selection - run_selection_iteration: Train score: 0.2145070754959004
2023-12-08 15:40:53,393.393 INFO feature_selection - run_selection_iteration: Validation score: 0.22449170714839725
2023-12-08 15:40:53,393.393 INFO feature_selection - run_selection_iteration: Starting evaluation of additional feature (6)
2023-12-08 15:47:04,431.431 INFO feature_selection - run_selection_iteration: Best treshold: 0.33
2023-12-08 15:47:04,431.431 INFO feature_selection - run_selection_iteration: Train score: 0.22385141185939217
2023-12-08 15:47:04,431.431 INFO feature_selection - run_selection_iteration: Validation score: 0.2247748203623115
2023-12-08 15:47:04,432.432 INFO feature_selection - run_selection_iteration: Starting evaluation of additional feature (7)
2023-12-08 15:53:14,787.787 INFO feature_selection - run_selection_iteration: Best treshold: 0.33
2023-12-08 15:53:14,787.787 INFO feature_selection - run_selection_iteration: Train score: 0.22145110245485683
2023-12-08 15:53:14,787.787 INFO feature_selection - run_selection_iteration: Validation score: 0.21737115030002954
2023-12-08 15:53:14,787.787 INFO feature_selection - run_selection_iteration: Starting evaluation of additional feature (8)
2023-12-08 15:59:24,147.147 INFO feature_selection - run_selection_iteration: Best treshold: 0.34
2023-12-08 15:59:24,148.148 INFO feature_selection - run_selection_iteration: Train score: 0.23164779578999053
2023-12-08 15:59:24,148.148 INFO feature_selection - run_selection_iteration: Validation score: 0.21348331333533807
2023-12-08 15:59:24,148.148 INFO feature_selection - run_selection_iteration: Starting evaluation of additional feature (9)
2023-12-08 16:05:34,267.267 INFO feature_selection - run_selection_iteration: Best treshold: 0.32
2023-12-08 16:05:34,267.267 INFO feature_selection - run_selection_iteration: Train score: 0.2107846357779693
2023-12-08 16:05:34,267.267 INFO feature_selection - run_selection_iteration: Validation score: 0.20492867762915504
2023-12-08 16:05:34,267.267 INFO feature_selection - run_selection_iteration: Starting evaluation of additional feature (10)
2023-12-08 16:11:41,403.403 INFO feature_selection - run_selection_iteration: Best treshold: 0.34
2023-12-08 16:11:41,403.403 INFO feature_selection - run_selection_iteration: Train score: 0.24256533021683535
2023-12-08 16:11:41,404.404 INFO feature_selection - run_selection_iteration: Validation score: 0.2126222847674603
2023-12-08 16:11:41,404.404 INFO feature_selection - run_selection_iteration: Starting evaluation of additional feature (11)
2023-12-08 16:17:51,444.444 INFO feature_selection - run_selection_iteration: Best treshold: 0.34
2023-12-08 16:17:51,445.445 INFO feature_selection - run_selection_iteration: Train score: 0.23430690499147072
2023-12-08 16:17:51,445.445 INFO feature_selection - run_selection_iteration: Validation score: 0.21332559451484118
2023-12-08 16:17:51,445.445 INFO feature_selection - run_selection_iteration: Starting evaluation of additional feature (12)
2023-12-08 16:24:00,550.550 INFO feature_selection - run_selection_iteration: Best treshold: 0.33
2023-12-08 16:24:00,550.550 INFO feature_selection - run_selection_iteration: Train score: 0.23757720232778376
2023-12-08 16:24:00,550.550 INFO feature_selection - run_selection_iteration: Validation score: 0.2302149209418506
2023-12-08 16:24:00,551.551 INFO feature_selection - run_selection_iteration: Starting evaluation of additional feature (13)
2023-12-08 16:30:11,844.844 INFO feature_selection - run_selection_iteration: Best treshold: 0.33
2023-12-08 16:30:11,844.844 INFO feature_selection - run_selection_iteration: Train score: 0.23253376267803755
2023-12-08 16:30:11,844.844 INFO feature_selection - run_selection_iteration: Validation score: 0.2294924835930088
2023-12-08 16:30:11,844.844 INFO feature_selection - run_selection_iteration: Starting evaluation of additional feature (14)
2023-12-08 16:36:22,918.918 INFO feature_selection - run_selection_iteration: Best treshold: 0.32
2023-12-08 16:36:22,918.918 INFO feature_selection - run_selection_iteration: Train score: 0.2318727895091169
2023-12-08 16:36:22,918.918 INFO feature_selection - run_selection_iteration: Validation score: 0.23032543984414944
2023-12-08 16:36:22,919.919 INFO feature_selection - run_selection_iteration: Starting evaluation of additional feature (15)
2023-12-08 16:42:34,880.880 INFO feature_selection - run_selection_iteration: Best treshold: 0.33
2023-12-08 16:42:34,881.881 INFO feature_selection - run_selection_iteration: Train score: 0.2360319073294164
2023-12-08 16:42:34,881.881 INFO feature_selection - run_selection_iteration: Validation score: 0.21866115275264927
2023-12-08 16:42:34,881.881 INFO feature_selection - run_selection_iteration: Starting evaluation of additional feature (16)
2023-12-08 16:48:44,748.748 INFO feature_selection - run_selection_iteration: Best treshold: 0.32
2023-12-08 16:48:44,748.748 INFO feature_selection - run_selection_iteration: Train score: 0.2320717622382984
2023-12-08 16:48:44,748.748 INFO feature_selection - run_selection_iteration: Validation score: 0.23454360977830038
2023-12-08 16:48:44,749.749 INFO feature_selection - run_selection_iteration: Starting evaluation of additional feature (17)
2023-12-08 16:54:57,622.622 INFO feature_selection - run_selection_iteration: Best treshold: 0.32
2023-12-08 16:54:57,622.622 INFO feature_selection - run_selection_iteration: Train score: 0.22299324258494752
2023-12-08 16:54:57,622.622 INFO feature_selection - run_selection_iteration: Validation score: 0.2099727758734995
2023-12-08 16:54:57,622.622 INFO feature_selection - run_selection_iteration: Starting evaluation of additional feature (18)
2023-12-08 17:01:08,944.944 INFO feature_selection - run_selection_iteration: Best treshold: 0.32
2023-12-08 17:01:08,944.944 INFO feature_selection - run_selection_iteration: Train score: 0.22397285208408116
2023-12-08 17:01:08,945.945 INFO feature_selection - run_selection_iteration: Validation score: 0.2226016862105104
2023-12-08 17:01:08,945.945 INFO feature_selection - run_selection_iteration: Starting evaluation of additional feature (20)
2023-12-08 17:07:20,512.512 INFO feature_selection - run_selection_iteration: Best treshold: 0.33
2023-12-08 17:07:20,512.512 INFO feature_selection - run_selection_iteration: Train score: 0.23198153468645594
2023-12-08 17:07:20,512.512 INFO feature_selection - run_selection_iteration: Validation score: 0.20931198560775988
2023-12-08 17:07:20,512.512 INFO feature_selection - run_selection_iteration: Starting evaluation of additional feature (22)
2023-12-08 17:13:33,874.874 INFO feature_selection - run_selection_iteration: Best treshold: 0.33
2023-12-08 17:13:33,874.874 INFO feature_selection - run_selection_iteration: Train score: 0.22574709000299362
2023-12-08 17:13:33,874.874 INFO feature_selection - run_selection_iteration: Validation score: 0.20592638510391933
2023-12-08 17:13:33,875.875 INFO feature_selection - run_selection_iteration: Starting evaluation of additional feature (24)
2023-12-08 17:19:45,621.621 INFO feature_selection - run_selection_iteration: Best treshold: 0.33
2023-12-08 17:19:45,622.622 INFO feature_selection - run_selection_iteration: Train score: 0.22574426943058284
2023-12-08 17:19:45,622.622 INFO feature_selection - run_selection_iteration: Validation score: 0.19471236783209525
2023-12-08 17:19:45,624.624 INFO feature_selection - <module>: New channel added: 16 ((0.25117155696876065, 0.2254429260220821) -> (0.2320717622382984, 0.23454360977830038))
2023-12-08 17:19:45,624.624 INFO feature_selection - <module>: Selection loop iteration 6 | Initial channels: [0, 1, 2, 3, 5, 19, 21, 23, 16]
2023-12-08 17:25:58,580.580 INFO feature_selection - run_selection_iteration: Basic scores: (0.23107461244565453, 0.22182730174086324)
2023-12-08 17:25:58,580.580 INFO feature_selection - run_selection_iteration: Starting evaluation of additional feature (4)
2023-12-08 17:32:07,071.071 INFO feature_selection - run_selection_iteration: Best treshold: 0.33
2023-12-08 17:32:07,071.071 INFO feature_selection - run_selection_iteration: Train score: 0.25300996205641685
2023-12-08 17:32:07,071.071 INFO feature_selection - run_selection_iteration: Validation score: 0.230464031426467
2023-12-08 17:32:07,071.071 INFO feature_selection - run_selection_iteration: Starting evaluation of additional feature (6)
2023-12-08 17:38:12,533.533 INFO feature_selection - run_selection_iteration: Best treshold: 0.34
2023-12-08 17:38:12,533.533 INFO feature_selection - run_selection_iteration: Train score: 0.2635870630308028
2023-12-08 17:38:12,533.533 INFO feature_selection - run_selection_iteration: Validation score: 0.22695589896707555
2023-12-08 17:38:12,534.534 INFO feature_selection - run_selection_iteration: Starting evaluation of additional feature (7)
2023-12-08 17:44:19,507.507 INFO feature_selection - run_selection_iteration: Best treshold: 0.33
2023-12-08 17:44:19,507.507 INFO feature_selection - run_selection_iteration: Train score: 0.25538808157247866
2023-12-08 17:44:19,507.507 INFO feature_selection - run_selection_iteration: Validation score: 0.2310968942274738
2023-12-08 17:44:19,508.508 INFO feature_selection - run_selection_iteration: Starting evaluation of additional feature (8)
2023-12-08 17:50:25,718.718 INFO feature_selection - run_selection_iteration: Best treshold: 0.34
2023-12-08 17:50:25,718.718 INFO feature_selection - run_selection_iteration: Train score: 0.2570064123024235
2023-12-08 17:50:25,718.718 INFO feature_selection - run_selection_iteration: Validation score: 0.23349279861570563
2023-12-08 17:50:25,718.718 INFO feature_selection - run_selection_iteration: Starting evaluation of additional feature (9)
2023-12-08 17:56:32,388.388 INFO feature_selection - run_selection_iteration: Best treshold: 0.33
2023-12-08 17:56:32,388.388 INFO feature_selection - run_selection_iteration: Train score: 0.24839394578646953
2023-12-08 17:56:32,388.388 INFO feature_selection - run_selection_iteration: Validation score: 0.22606427498881945
2023-12-08 17:56:32,388.388 INFO feature_selection - run_selection_iteration: Starting evaluation of additional feature (10)
2023-12-08 18:02:37,690.690 INFO feature_selection - run_selection_iteration: Best treshold: 0.35
2023-12-08 18:02:37,690.690 INFO feature_selection - run_selection_iteration: Train score: 0.2645195158796795
2023-12-08 18:02:37,690.690 INFO feature_selection - run_selection_iteration: Validation score: 0.24048986114454587
2023-12-08 18:02:37,690.690 INFO feature_selection - run_selection_iteration: Starting evaluation of additional feature (11)
2023-12-08 18:08:47,078.078 INFO feature_selection - run_selection_iteration: Best treshold: 0.33
2023-12-08 18:08:47,078.078 INFO feature_selection - run_selection_iteration: Train score: 0.26559338672796273
2023-12-08 18:08:47,078.078 INFO feature_selection - run_selection_iteration: Validation score: 0.2319375025642387
2023-12-08 18:08:47,079.079 INFO feature_selection - run_selection_iteration: Starting evaluation of additional feature (12)
2023-12-08 18:14:46,798.798 INFO feature_selection - run_selection_iteration: Best treshold: 0.34
2023-12-08 18:14:46,798.798 INFO feature_selection - run_selection_iteration: Train score: 0.2675306302218189
2023-12-08 18:14:46,798.798 INFO feature_selection - run_selection_iteration: Validation score: 0.22857996446373258
2023-12-08 18:14:46,798.798 INFO feature_selection - run_selection_iteration: Starting evaluation of additional feature (13)
2023-12-08 18:20:45,624.624 INFO feature_selection - run_selection_iteration: Best treshold: 0.34
2023-12-08 18:20:45,624.624 INFO feature_selection - run_selection_iteration: Train score: 0.264512802570642
2023-12-08 18:20:45,624.624 INFO feature_selection - run_selection_iteration: Validation score: 0.2300061207002081
2023-12-08 18:20:45,624.624 INFO feature_selection - run_selection_iteration: Starting evaluation of additional feature (14)
2023-12-08 18:26:50,448.448 INFO feature_selection - run_selection_iteration: Best treshold: 0.34
2023-12-08 18:26:50,449.449 INFO feature_selection - run_selection_iteration: Train score: 0.2585177582792466
2023-12-08 18:26:50,449.449 INFO feature_selection - run_selection_iteration: Validation score: 0.22258871317523435
2023-12-08 18:26:50,449.449 INFO feature_selection - run_selection_iteration: Starting evaluation of additional feature (15)
2023-12-08 18:32:57,806.806 INFO feature_selection - run_selection_iteration: Best treshold: 0.34
2023-12-08 18:32:57,806.806 INFO feature_selection - run_selection_iteration: Train score: 0.260725315672235
2023-12-08 18:32:57,806.806 INFO feature_selection - run_selection_iteration: Validation score: 0.22609630906965528
2023-12-08 18:32:57,807.807 INFO feature_selection - run_selection_iteration: Starting evaluation of additional feature (17)
2023-12-08 18:39:04,959.959 INFO feature_selection - run_selection_iteration: Best treshold: 0.34
2023-12-08 18:39:04,959.959 INFO feature_selection - run_selection_iteration: Train score: 0.2558473457816013
2023-12-08 18:39:04,959.959 INFO feature_selection - run_selection_iteration: Validation score: 0.22595477430577093
2023-12-08 18:39:04,959.959 INFO feature_selection - run_selection_iteration: Starting evaluation of additional feature (18)
2023-12-08 18:45:12,964.964 INFO feature_selection - run_selection_iteration: Best treshold: 0.34
2023-12-08 18:45:12,964.964 INFO feature_selection - run_selection_iteration: Train score: 0.2580340968310296
2023-12-08 18:45:12,964.964 INFO feature_selection - run_selection_iteration: Validation score: 0.22074263104306022
2023-12-08 18:45:12,965.965 INFO feature_selection - run_selection_iteration: Starting evaluation of additional feature (20)
2023-12-08 18:51:19,084.084 INFO feature_selection - run_selection_iteration: Best treshold: 0.34
2023-12-08 18:51:19,084.084 INFO feature_selection - run_selection_iteration: Train score: 0.2616372926716605
2023-12-08 18:51:19,085.085 INFO feature_selection - run_selection_iteration: Validation score: 0.22335837745764728
2023-12-08 18:51:19,085.085 INFO feature_selection - run_selection_iteration: Starting evaluation of additional feature (22)
2023-12-08 18:57:28,714.714 INFO feature_selection - run_selection_iteration: Best treshold: 0.33
2023-12-08 18:57:28,714.714 INFO feature_selection - run_selection_iteration: Train score: 0.2615431591866501
2023-12-08 18:57:28,714.714 INFO feature_selection - run_selection_iteration: Validation score: 0.2326463158391765
2023-12-08 18:57:28,715.715 INFO feature_selection - run_selection_iteration: Starting evaluation of additional feature (24)
2023-12-08 19:03:37,107.107 INFO feature_selection - run_selection_iteration: Best treshold: 0.34
2023-12-08 19:03:37,107.107 INFO feature_selection - run_selection_iteration: Train score: 0.2587033589226963
2023-12-08 19:03:37,107.107 INFO feature_selection - run_selection_iteration: Validation score: 0.2264939108932301
2023-12-08 19:03:37,109.109 INFO feature_selection - <module>: New channel added: 10 ((0.23107461244565453, 0.22182730174086324) -> (0.2645195158796795, 0.24048986114454587))
2023-12-08 19:03:37,110.110 INFO feature_selection - <module>: Selection loop iteration 7 | Initial channels: [0, 1, 2, 3, 5, 19, 21, 23, 16, 10]
2023-12-08 19:09:45,568.568 INFO feature_selection - run_selection_iteration: Basic scores: (0.2651799844793557, 0.24093954966446404)
2023-12-08 19:09:45,568.568 INFO feature_selection - run_selection_iteration: Starting evaluation of additional feature (4)
2023-12-08 19:15:57,782.782 INFO feature_selection - run_selection_iteration: Best treshold: 0.33
2023-12-08 19:15:57,782.782 INFO feature_selection - run_selection_iteration: Train score: 0.23449925811075423
2023-12-08 19:15:57,782.782 INFO feature_selection - run_selection_iteration: Validation score: 0.2435033449343566
2023-12-08 19:15:57,783.783 INFO feature_selection - run_selection_iteration: Starting evaluation of additional feature (6)
2023-12-08 19:22:10,540.540 INFO feature_selection - run_selection_iteration: Best treshold: 0.33
2023-12-08 19:22:10,540.540 INFO feature_selection - run_selection_iteration: Train score: 0.23525728489695355
2023-12-08 19:22:10,540.540 INFO feature_selection - run_selection_iteration: Validation score: 0.2492354424812211
2023-12-08 19:22:10,540.540 INFO feature_selection - run_selection_iteration: Starting evaluation of additional feature (7)
2023-12-08 19:28:17,402.402 INFO feature_selection - run_selection_iteration: Best treshold: 0.33
2023-12-08 19:28:17,402.402 INFO feature_selection - run_selection_iteration: Train score: 0.229291216673889
2023-12-08 19:28:17,402.402 INFO feature_selection - run_selection_iteration: Validation score: 0.25087366703709835
2023-12-08 19:28:17,402.402 INFO feature_selection - run_selection_iteration: Starting evaluation of additional feature (8)
2023-12-08 19:34:27,705.705 INFO feature_selection - run_selection_iteration: Best treshold: 0.34
2023-12-08 19:34:27,705.705 INFO feature_selection - run_selection_iteration: Train score: 0.2371145254440449
2023-12-08 19:34:27,705.705 INFO feature_selection - run_selection_iteration: Validation score: 0.22997401793837188
2023-12-08 19:34:27,706.706 INFO feature_selection - run_selection_iteration: Starting evaluation of additional feature (9)
2023-12-08 19:40:36,831.831 INFO feature_selection - run_selection_iteration: Best treshold: 0.34
2023-12-08 19:40:36,831.831 INFO feature_selection - run_selection_iteration: Train score: 0.23393375979317302
2023-12-08 19:40:36,831.831 INFO feature_selection - run_selection_iteration: Validation score: 0.23116699039319652
2023-12-08 19:40:36,832.832 INFO feature_selection - run_selection_iteration: Starting evaluation of additional feature (11)
2023-12-08 19:46:47,916.916 INFO feature_selection - run_selection_iteration: Best treshold: 0.34
2023-12-08 19:46:47,917.917 INFO feature_selection - run_selection_iteration: Train score: 0.24407238149886265
2023-12-08 19:46:47,917.917 INFO feature_selection - run_selection_iteration: Validation score: 0.2360961626301393
2023-12-08 19:46:47,917.917 INFO feature_selection - run_selection_iteration: Starting evaluation of additional feature (12)
2023-12-08 19:52:59,541.541 INFO feature_selection - run_selection_iteration: Best treshold: 0.33
2023-12-08 19:52:59,541.541 INFO feature_selection - run_selection_iteration: Train score: 0.24341417823805325
2023-12-08 19:52:59,541.541 INFO feature_selection - run_selection_iteration: Validation score: 0.24042078863034697
2023-12-08 19:52:59,541.541 INFO feature_selection - run_selection_iteration: Starting evaluation of additional feature (13)
2023-12-08 19:59:09,128.128 INFO feature_selection - run_selection_iteration: Best treshold: 0.33
2023-12-08 19:59:09,129.129 INFO feature_selection - run_selection_iteration: Train score: 0.2433879990769217
2023-12-08 19:59:09,129.129 INFO feature_selection - run_selection_iteration: Validation score: 0.23817357037022807
2023-12-08 19:59:09,129.129 INFO feature_selection - run_selection_iteration: Starting evaluation of additional feature (14)
2023-12-08 20:05:19,270.270 INFO feature_selection - run_selection_iteration: Best treshold: 0.32
2023-12-08 20:05:19,270.270 INFO feature_selection - run_selection_iteration: Train score: 0.24305191818565652
2023-12-08 20:05:19,270.270 INFO feature_selection - run_selection_iteration: Validation score: 0.25118373377422876
2023-12-08 20:05:19,270.270 INFO feature_selection - run_selection_iteration: Starting evaluation of additional feature (15)
2023-12-08 20:11:29,893.893 INFO feature_selection - run_selection_iteration: Best treshold: 0.33
2023-12-08 20:11:29,893.893 INFO feature_selection - run_selection_iteration: Train score: 0.24026851720188322
2023-12-08 20:11:29,893.893 INFO feature_selection - run_selection_iteration: Validation score: 0.23770383204239706
2023-12-08 20:11:29,894.894 INFO feature_selection - run_selection_iteration: Starting evaluation of additional feature (17)
2023-12-08 20:17:38,207.207 INFO feature_selection - run_selection_iteration: Best treshold: 0.33
2023-12-08 20:17:38,207.207 INFO feature_selection - run_selection_iteration: Train score: 0.24244495134662566
2023-12-08 20:17:38,207.207 INFO feature_selection - run_selection_iteration: Validation score: 0.24414562117864996
2023-12-08 20:17:38,207.207 INFO feature_selection - run_selection_iteration: Starting evaluation of additional feature (18)
2023-12-08 20:23:49,204.204 INFO feature_selection - run_selection_iteration: Best treshold: 0.33
2023-12-08 20:23:49,204.204 INFO feature_selection - run_selection_iteration: Train score: 0.2443246137262971
2023-12-08 20:23:49,204.204 INFO feature_selection - run_selection_iteration: Validation score: 0.24730730057323508
2023-12-08 20:23:49,204.204 INFO feature_selection - run_selection_iteration: Starting evaluation of additional feature (20)
2023-12-08 20:29:59,392.392 INFO feature_selection - run_selection_iteration: Best treshold: 0.32
2023-12-08 20:29:59,392.392 INFO feature_selection - run_selection_iteration: Train score: 0.24042059475797822
2023-12-08 20:29:59,392.392 INFO feature_selection - run_selection_iteration: Validation score: 0.24068395576152654
2023-12-08 20:29:59,392.392 INFO feature_selection - run_selection_iteration: Starting evaluation of additional feature (22)
2023-12-08 20:36:01,839.839 INFO feature_selection - run_selection_iteration: Best treshold: 0.33
2023-12-08 20:36:01,839.839 INFO feature_selection - run_selection_iteration: Train score: 0.23963162851347433
2023-12-08 20:36:01,839.839 INFO feature_selection - run_selection_iteration: Validation score: 0.24067760958955062
2023-12-08 20:36:01,839.839 INFO feature_selection - run_selection_iteration: Starting evaluation of additional feature (24)
2023-12-08 20:42:04,939.939 INFO feature_selection - run_selection_iteration: Best treshold: 0.33
2023-12-08 20:42:04,939.939 INFO feature_selection - run_selection_iteration: Train score: 0.23910236686900985
2023-12-08 20:42:04,939.939 INFO feature_selection - run_selection_iteration: Validation score: 0.24936070515293077
2023-12-08 20:42:04,939.939 INFO feature_selection - <module>: New channel added: 14 ((0.2651799844793557, 0.24093954966446404) -> (0.24305191818565652, 0.25118373377422876))
2023-12-08 20:42:04,939.939 INFO feature_selection - <module>: Selection loop iteration 8 | Initial channels: [0, 1, 2, 3, 5, 19, 21, 23, 16, 10, 14]
2023-12-08 20:48:06,587.587 INFO feature_selection - run_selection_iteration: Basic scores: (0.24419832274257489, 0.2462913877318701)
2023-12-08 20:48:06,587.587 INFO feature_selection - run_selection_iteration: Starting evaluation of additional feature (4)
2023-12-08 20:54:14,625.625 INFO feature_selection - run_selection_iteration: Best treshold: 0.34
2023-12-08 20:54:14,625.625 INFO feature_selection - run_selection_iteration: Train score: 0.2549944333749039
2023-12-08 20:54:14,625.625 INFO feature_selection - run_selection_iteration: Validation score: 0.2446238675644031
2023-12-08 20:54:14,625.625 INFO feature_selection - run_selection_iteration: Starting evaluation of additional feature (6)
2023-12-08 21:00:17,590.590 INFO feature_selection - run_selection_iteration: Best treshold: 0.33
2023-12-08 21:00:17,590.590 INFO feature_selection - run_selection_iteration: Train score: 0.2559797536194127
2023-12-08 21:00:17,590.590 INFO feature_selection - run_selection_iteration: Validation score: 0.24411026223516005
2023-12-08 21:00:17,590.590 INFO feature_selection - run_selection_iteration: Starting evaluation of additional feature (7)
2023-12-08 21:06:21,635.635 INFO feature_selection - run_selection_iteration: Best treshold: 0.34
2023-12-08 21:06:21,635.635 INFO feature_selection - run_selection_iteration: Train score: 0.25398252866149207
2023-12-08 21:06:21,635.635 INFO feature_selection - run_selection_iteration: Validation score: 0.24170315582101223
2023-12-08 21:06:21,635.635 INFO feature_selection - run_selection_iteration: Starting evaluation of additional feature (8)
2023-12-08 21:12:26,265.265 INFO feature_selection - run_selection_iteration: Best treshold: 0.33
2023-12-08 21:12:26,265.265 INFO feature_selection - run_selection_iteration: Train score: 0.2480879513886912
2023-12-08 21:12:26,265.265 INFO feature_selection - run_selection_iteration: Validation score: 0.24244961303628682
2023-12-08 21:12:26,265.265 INFO feature_selection - run_selection_iteration: Starting evaluation of additional feature (9)
2023-12-08 21:18:31,299.299 INFO feature_selection - run_selection_iteration: Best treshold: 0.35
2023-12-08 21:18:31,299.299 INFO feature_selection - run_selection_iteration: Train score: 0.25143974654828494
2023-12-08 21:18:31,299.299 INFO feature_selection - run_selection_iteration: Validation score: 0.2372176100628931
2023-12-08 21:18:31,299.299 INFO feature_selection - run_selection_iteration: Starting evaluation of additional feature (11)
2023-12-08 21:24:35,184.184 INFO feature_selection - run_selection_iteration: Best treshold: 0.34
2023-12-08 21:24:35,184.184 INFO feature_selection - run_selection_iteration: Train score: 0.26042343648452737
2023-12-08 21:24:35,184.184 INFO feature_selection - run_selection_iteration: Validation score: 0.24413859914738648
2023-12-08 21:24:35,184.184 INFO feature_selection - run_selection_iteration: Starting evaluation of additional feature (12)
2023-12-08 21:30:39,918.918 INFO feature_selection - run_selection_iteration: Best treshold: 0.35
2023-12-08 21:30:39,918.918 INFO feature_selection - run_selection_iteration: Train score: 0.2565330018289151
2023-12-08 21:30:39,918.918 INFO feature_selection - run_selection_iteration: Validation score: 0.23776396581270043
2023-12-08 21:30:39,918.918 INFO feature_selection - run_selection_iteration: Starting evaluation of additional feature (13)
2023-12-08 21:36:43,423.423 INFO feature_selection - run_selection_iteration: Best treshold: 0.34
2023-12-08 21:36:43,423.423 INFO feature_selection - run_selection_iteration: Train score: 0.2605460524948399
2023-12-08 21:36:43,423.423 INFO feature_selection - run_selection_iteration: Validation score: 0.23054324401252385
2023-12-08 21:36:43,423.423 INFO feature_selection - run_selection_iteration: Starting evaluation of additional feature (15)
2023-12-08 21:42:46,864.864 INFO feature_selection - run_selection_iteration: Best treshold: 0.34
2023-12-08 21:42:46,864.864 INFO feature_selection - run_selection_iteration: Train score: 0.25817160878427753
2023-12-08 21:42:46,864.864 INFO feature_selection - run_selection_iteration: Validation score: 0.2414511192909213
2023-12-08 21:42:46,864.864 INFO feature_selection - run_selection_iteration: Starting evaluation of additional feature (17)
2023-12-08 21:48:51,833.833 INFO feature_selection - run_selection_iteration: Best treshold: 0.33
2023-12-08 21:48:51,833.833 INFO feature_selection - run_selection_iteration: Train score: 0.25622238420749827
2023-12-08 21:48:51,833.833 INFO feature_selection - run_selection_iteration: Validation score: 0.24428564332195546
2023-12-08 21:48:51,833.833 INFO feature_selection - run_selection_iteration: Starting evaluation of additional feature (18)
2023-12-08 21:54:57,317.317 INFO feature_selection - run_selection_iteration: Best treshold: 0.34
2023-12-08 21:54:57,317.317 INFO feature_selection - run_selection_iteration: Train score: 0.2555555047890576
2023-12-08 21:54:57,317.317 INFO feature_selection - run_selection_iteration: Validation score: 0.241646964246036
2023-12-08 21:54:57,317.317 INFO feature_selection - run_selection_iteration: Starting evaluation of additional feature (20)
2023-12-08 22:01:01,361.361 INFO feature_selection - run_selection_iteration: Best treshold: 0.35
2023-12-08 22:01:01,361.361 INFO feature_selection - run_selection_iteration: Train score: 0.2597298463255167
2023-12-08 22:01:01,361.361 INFO feature_selection - run_selection_iteration: Validation score: 0.23815294846510984
2023-12-08 22:01:01,361.361 INFO feature_selection - run_selection_iteration: Starting evaluation of additional feature (22)
2023-12-08 22:07:06,266.266 INFO feature_selection - run_selection_iteration: Best treshold: 0.34
2023-12-08 22:07:06,266.266 INFO feature_selection - run_selection_iteration: Train score: 0.258843127473184
2023-12-08 22:07:06,266.266 INFO feature_selection - run_selection_iteration: Validation score: 0.23969503035097883
2023-12-08 22:07:06,266.266 INFO feature_selection - run_selection_iteration: Starting evaluation of additional feature (24)
2023-12-08 22:13:10,450.450 INFO feature_selection - run_selection_iteration: Best treshold: 0.34
2023-12-08 22:13:10,450.450 INFO feature_selection - run_selection_iteration: Train score: 0.2606073698315178
2023-12-08 22:13:10,450.450 INFO feature_selection - run_selection_iteration: Validation score: 0.23657639957870857
2023-12-08 22:13:10,450.450 INFO feature_selection - <module>: New iteration didn't find any channel that would increase model score
2023-12-08 22:13:10,450.450 INFO feature_selection - <module>: Final channels: [0, 1, 2, 3, 5, 19, 21, 23, 16, 10, 14]
