2023-12-10 01:57:36,610.610 INFO feature_selection - <module>: Selection loop iteration 1 | Initial channels: [0, 1, 2, 3]
2023-12-10 02:02:51,530.530 INFO feature_selection - run_selection_iteration: Basic scores: (0.20532028831997265, 0.16140598402012055)
2023-12-10 02:02:51,530.530 INFO feature_selection - run_selection_iteration: Starting evaluation of additional feature (4)
2023-12-10 02:08:06,111.111 INFO feature_selection - run_selection_iteration: Best treshold: 0.29
2023-12-10 02:08:06,111.111 INFO feature_selection - run_selection_iteration: Train score: 0.18085099491755768
2023-12-10 02:08:06,112.112 INFO feature_selection - run_selection_iteration: Validation score: 0.22617825726645838
2023-12-10 02:08:06,112.112 INFO feature_selection - run_selection_iteration: Starting evaluation of additional feature (5)
2023-12-10 02:13:20,172.172 INFO feature_selection - run_selection_iteration: Best treshold: 0.29
2023-12-10 02:13:20,172.172 INFO feature_selection - run_selection_iteration: Train score: 0.19665267260359873
2023-12-10 02:13:20,172.172 INFO feature_selection - run_selection_iteration: Validation score: 0.22933969515738953
2023-12-10 02:13:20,173.173 INFO feature_selection - run_selection_iteration: Starting evaluation of additional feature (6)
2023-12-10 02:18:33,814.814 INFO feature_selection - run_selection_iteration: Best treshold: 0.32
2023-12-10 02:18:33,814.814 INFO feature_selection - run_selection_iteration: Train score: 0.1689667734061727
2023-12-10 02:18:33,814.814 INFO feature_selection - run_selection_iteration: Validation score: 0.20104857877865318
2023-12-10 02:18:33,815.815 INFO feature_selection - run_selection_iteration: Starting evaluation of additional feature (7)
2023-12-10 02:23:48,527.527 INFO feature_selection - run_selection_iteration: Best treshold: 0.29
2023-12-10 02:23:48,527.527 INFO feature_selection - run_selection_iteration: Train score: 0.16932501457522994
2023-12-10 02:23:48,527.527 INFO feature_selection - run_selection_iteration: Validation score: 0.20281147180476877
2023-12-10 02:23:48,527.527 INFO feature_selection - run_selection_iteration: Starting evaluation of additional feature (8)
2023-12-10 02:29:02,426.426 INFO feature_selection - run_selection_iteration: Best treshold: 0.31
2023-12-10 02:29:02,426.426 INFO feature_selection - run_selection_iteration: Train score: 0.19010179953082879
2023-12-10 02:29:02,426.426 INFO feature_selection - run_selection_iteration: Validation score: 0.20029843951541515
2023-12-10 02:29:02,426.426 INFO feature_selection - run_selection_iteration: Starting evaluation of additional feature (9)
2023-12-10 02:34:17,451.451 INFO feature_selection - run_selection_iteration: Best treshold: 0.29
2023-12-10 02:34:17,451.451 INFO feature_selection - run_selection_iteration: Train score: 0.15996504442496456
2023-12-10 02:34:17,451.451 INFO feature_selection - run_selection_iteration: Validation score: 0.2016569579288026
2023-12-10 02:34:17,451.451 INFO feature_selection - run_selection_iteration: Starting evaluation of additional feature (10)
2023-12-10 02:39:31,553.553 INFO feature_selection - run_selection_iteration: Best treshold: 0.32
2023-12-10 02:39:31,553.553 INFO feature_selection - run_selection_iteration: Train score: 0.18494937167309347
2023-12-10 02:39:31,553.553 INFO feature_selection - run_selection_iteration: Validation score: 0.21125352473724684
2023-12-10 02:39:31,553.553 INFO feature_selection - run_selection_iteration: Starting evaluation of additional feature (11)
2023-12-10 02:44:46,037.037 INFO feature_selection - run_selection_iteration: Best treshold: 0.3
2023-12-10 02:44:46,037.037 INFO feature_selection - run_selection_iteration: Train score: 0.1773793655569791
2023-12-10 02:44:46,037.037 INFO feature_selection - run_selection_iteration: Validation score: 0.17929449912222684
2023-12-10 02:44:46,037.037 INFO feature_selection - run_selection_iteration: Starting evaluation of additional feature (12)
2023-12-10 02:50:00,739.739 INFO feature_selection - run_selection_iteration: Best treshold: 0.31
2023-12-10 02:50:00,739.739 INFO feature_selection - run_selection_iteration: Train score: 0.1728264675808553
2023-12-10 02:50:00,739.739 INFO feature_selection - run_selection_iteration: Validation score: 0.18953498457382878
2023-12-10 02:50:00,740.740 INFO feature_selection - run_selection_iteration: Starting evaluation of additional feature (13)
2023-12-10 02:55:15,495.495 INFO feature_selection - run_selection_iteration: Best treshold: 0.29
2023-12-10 02:55:15,495.495 INFO feature_selection - run_selection_iteration: Train score: 0.14249142299855452
2023-12-10 02:55:15,495.495 INFO feature_selection - run_selection_iteration: Validation score: 0.18624317329876502
2023-12-10 02:55:15,496.496 INFO feature_selection - run_selection_iteration: Starting evaluation of additional feature (14)
2023-12-10 03:00:29,704.704 INFO feature_selection - run_selection_iteration: Best treshold: 0.3
2023-12-10 03:00:29,704.704 INFO feature_selection - run_selection_iteration: Train score: 0.18555162510458387
2023-12-10 03:00:29,704.704 INFO feature_selection - run_selection_iteration: Validation score: 0.19130848198640862
2023-12-10 03:00:29,704.704 INFO feature_selection - run_selection_iteration: Starting evaluation of additional feature (15)
2023-12-10 03:05:43,612.612 INFO feature_selection - run_selection_iteration: Best treshold: 0.3
2023-12-10 03:05:43,612.612 INFO feature_selection - run_selection_iteration: Train score: 0.2032249074118738
2023-12-10 03:05:43,612.612 INFO feature_selection - run_selection_iteration: Validation score: 0.18833733365300762
2023-12-10 03:05:43,613.613 INFO feature_selection - run_selection_iteration: Starting evaluation of additional feature (16)
2023-12-10 03:10:57,752.752 INFO feature_selection - run_selection_iteration: Best treshold: 0.3
2023-12-10 03:10:57,752.752 INFO feature_selection - run_selection_iteration: Train score: 0.182807929801755
2023-12-10 03:10:57,752.752 INFO feature_selection - run_selection_iteration: Validation score: 0.19867433449931818
2023-12-10 03:10:57,752.752 INFO feature_selection - run_selection_iteration: Starting evaluation of additional feature (17)
2023-12-10 03:16:11,837.837 INFO feature_selection - run_selection_iteration: Best treshold: 0.31
2023-12-10 03:16:11,837.837 INFO feature_selection - run_selection_iteration: Train score: 0.18984529801976546
2023-12-10 03:16:11,837.837 INFO feature_selection - run_selection_iteration: Validation score: 0.1847116401251322
2023-12-10 03:16:11,838.838 INFO feature_selection - run_selection_iteration: Starting evaluation of additional feature (18)
2023-12-10 03:21:26,580.580 INFO feature_selection - run_selection_iteration: Best treshold: 0.32
2023-12-10 03:21:26,580.580 INFO feature_selection - run_selection_iteration: Train score: 0.22622831003479496
2023-12-10 03:21:26,580.580 INFO feature_selection - run_selection_iteration: Validation score: 0.1859349004492883
2023-12-10 03:21:26,581.581 INFO feature_selection - run_selection_iteration: Starting evaluation of additional feature (19)
2023-12-10 03:26:41,302.302 INFO feature_selection - run_selection_iteration: Best treshold: 0.31
2023-12-10 03:26:41,302.302 INFO feature_selection - run_selection_iteration: Train score: 0.20519393438529154
2023-12-10 03:26:41,302.302 INFO feature_selection - run_selection_iteration: Validation score: 0.16986325574461153
2023-12-10 03:26:41,303.303 INFO feature_selection - run_selection_iteration: Starting evaluation of additional feature (20)
2023-12-10 03:31:55,373.373 INFO feature_selection - run_selection_iteration: Best treshold: 0.32
2023-12-10 03:31:55,373.373 INFO feature_selection - run_selection_iteration: Train score: 0.23002993491330054
2023-12-10 03:31:55,373.373 INFO feature_selection - run_selection_iteration: Validation score: 0.22852648249912313
2023-12-10 03:31:55,374.374 INFO feature_selection - run_selection_iteration: Starting evaluation of additional feature (21)
2023-12-10 03:37:09,974.974 INFO feature_selection - run_selection_iteration: Best treshold: 0.33
2023-12-10 03:37:09,974.974 INFO feature_selection - run_selection_iteration: Train score: 0.2673805333379801
2023-12-10 03:37:09,974.974 INFO feature_selection - run_selection_iteration: Validation score: 0.20892946410368837
2023-12-10 03:37:09,974.974 INFO feature_selection - run_selection_iteration: Starting evaluation of additional feature (22)
2023-12-10 03:42:24,641.641 INFO feature_selection - run_selection_iteration: Best treshold: 0.32
2023-12-10 03:42:24,642.642 INFO feature_selection - run_selection_iteration: Train score: 0.22674586257844523
2023-12-10 03:42:24,642.642 INFO feature_selection - run_selection_iteration: Validation score: 0.21924191803110363
2023-12-10 03:42:24,642.642 INFO feature_selection - run_selection_iteration: Starting evaluation of additional feature (23)
2023-12-10 03:47:42,116.116 INFO feature_selection - run_selection_iteration: Best treshold: 0.32
2023-12-10 03:47:42,116.116 INFO feature_selection - run_selection_iteration: Train score: 0.227769189010574
2023-12-10 03:47:42,116.116 INFO feature_selection - run_selection_iteration: Validation score: 0.22479374762314994
2023-12-10 03:47:42,116.116 INFO feature_selection - run_selection_iteration: Starting evaluation of additional feature (24)
2023-12-10 03:52:56,542.542 INFO feature_selection - run_selection_iteration: Best treshold: 0.33
2023-12-10 03:52:56,542.542 INFO feature_selection - run_selection_iteration: Train score: 0.22123042136309984
2023-12-10 03:52:56,542.542 INFO feature_selection - run_selection_iteration: Validation score: 0.1926211609902731
2023-12-10 03:52:56,544.544 INFO feature_selection - <module>: New channel added: 5 ((0.20532028831997265, 0.16140598402012055) -> (0.19665267260359873, 0.22933969515738953))
2023-12-10 03:52:56,545.545 INFO feature_selection - <module>: Selection loop iteration 2 | Initial channels: [0, 1, 2, 3, 5]
2023-12-10 03:58:10,807.807 INFO feature_selection - run_selection_iteration: Basic scores: (0.1975359814484441, 0.22991742574081797)
2023-12-10 03:58:10,807.807 INFO feature_selection - run_selection_iteration: Starting evaluation of additional feature (4)
2023-12-10 04:03:27,711.711 INFO feature_selection - run_selection_iteration: Best treshold: 0.3
2023-12-10 04:03:27,711.711 INFO feature_selection - run_selection_iteration: Train score: 0.1628955632498591
2023-12-10 04:03:27,711.711 INFO feature_selection - run_selection_iteration: Validation score: 0.21185373897611282
2023-12-10 04:03:27,711.711 INFO feature_selection - run_selection_iteration: Starting evaluation of additional feature (6)
2023-12-10 04:08:44,462.462 INFO feature_selection - run_selection_iteration: Best treshold: 0.31
2023-12-10 04:08:44,462.462 INFO feature_selection - run_selection_iteration: Train score: 0.15381847101824522
2023-12-10 04:08:44,462.462 INFO feature_selection - run_selection_iteration: Validation score: 0.1907596865014873
2023-12-10 04:08:44,463.463 INFO feature_selection - run_selection_iteration: Starting evaluation of additional feature (7)
2023-12-10 04:14:00,621.621 INFO feature_selection - run_selection_iteration: Best treshold: 0.29
2023-12-10 04:14:00,621.621 INFO feature_selection - run_selection_iteration: Train score: 0.1489670732199778
2023-12-10 04:14:00,621.621 INFO feature_selection - run_selection_iteration: Validation score: 0.1919943744252718
2023-12-10 04:14:00,621.621 INFO feature_selection - run_selection_iteration: Starting evaluation of additional feature (8)
2023-12-10 04:19:16,770.770 INFO feature_selection - run_selection_iteration: Best treshold: 0.31
2023-12-10 04:19:16,770.770 INFO feature_selection - run_selection_iteration: Train score: 0.1661981981981982
2023-12-10 04:19:16,770.770 INFO feature_selection - run_selection_iteration: Validation score: 0.21823742962021686
2023-12-10 04:19:16,770.770 INFO feature_selection - run_selection_iteration: Starting evaluation of additional feature (9)
2023-12-10 04:24:33,520.520 INFO feature_selection - run_selection_iteration: Best treshold: 0.29
2023-12-10 04:24:33,520.520 INFO feature_selection - run_selection_iteration: Train score: 0.14519163020644743
2023-12-10 04:24:33,520.520 INFO feature_selection - run_selection_iteration: Validation score: 0.17464872708465032
2023-12-10 04:24:33,520.520 INFO feature_selection - run_selection_iteration: Starting evaluation of additional feature (10)
2023-12-10 04:29:49,721.721 INFO feature_selection - run_selection_iteration: Best treshold: 0.3
2023-12-10 04:29:49,721.721 INFO feature_selection - run_selection_iteration: Train score: 0.1605327405895857
2023-12-10 04:29:49,721.721 INFO feature_selection - run_selection_iteration: Validation score: 0.2156017608197201
2023-12-10 04:29:49,722.722 INFO feature_selection - run_selection_iteration: Starting evaluation of additional feature (11)
2023-12-10 04:35:05,897.897 INFO feature_selection - run_selection_iteration: Best treshold: 0.31
2023-12-10 04:35:05,897.897 INFO feature_selection - run_selection_iteration: Train score: 0.1516191013000662
2023-12-10 04:35:05,897.897 INFO feature_selection - run_selection_iteration: Validation score: 0.2011525032582237
2023-12-10 04:35:05,897.897 INFO feature_selection - run_selection_iteration: Starting evaluation of additional feature (12)
2023-12-10 04:40:22,424.424 INFO feature_selection - run_selection_iteration: Best treshold: 0.3
2023-12-10 04:40:22,424.424 INFO feature_selection - run_selection_iteration: Train score: 0.15378988089326417
2023-12-10 04:40:22,424.424 INFO feature_selection - run_selection_iteration: Validation score: 0.21864529814437375
2023-12-10 04:40:22,425.425 INFO feature_selection - run_selection_iteration: Starting evaluation of additional feature (13)
2023-12-10 04:45:39,309.309 INFO feature_selection - run_selection_iteration: Best treshold: 0.3
2023-12-10 04:45:39,309.309 INFO feature_selection - run_selection_iteration: Train score: 0.1504104943192224
2023-12-10 04:45:39,309.309 INFO feature_selection - run_selection_iteration: Validation score: 0.22087539324815986
2023-12-10 04:45:39,309.309 INFO feature_selection - run_selection_iteration: Starting evaluation of additional feature (14)
2023-12-10 04:50:55,831.831 INFO feature_selection - run_selection_iteration: Best treshold: 0.31
2023-12-10 04:50:55,831.831 INFO feature_selection - run_selection_iteration: Train score: 0.16703263907916452
2023-12-10 04:50:55,831.831 INFO feature_selection - run_selection_iteration: Validation score: 0.1992901718915368
2023-12-10 04:50:55,832.832 INFO feature_selection - run_selection_iteration: Starting evaluation of additional feature (15)
2023-12-10 04:56:12,045.045 INFO feature_selection - run_selection_iteration: Best treshold: 0.31
2023-12-10 04:56:12,045.045 INFO feature_selection - run_selection_iteration: Train score: 0.1653168531485958
2023-12-10 04:56:12,045.045 INFO feature_selection - run_selection_iteration: Validation score: 0.21898410658634357
2023-12-10 04:56:12,045.045 INFO feature_selection - run_selection_iteration: Starting evaluation of additional feature (16)
2023-12-10 05:01:28,768.768 INFO feature_selection - run_selection_iteration: Best treshold: 0.3
2023-12-10 05:01:28,768.768 INFO feature_selection - run_selection_iteration: Train score: 0.15562593046098008
2023-12-10 05:01:28,768.768 INFO feature_selection - run_selection_iteration: Validation score: 0.19164900356765405
2023-12-10 05:01:28,769.769 INFO feature_selection - run_selection_iteration: Starting evaluation of additional feature (17)
2023-12-10 05:06:45,423.423 INFO feature_selection - run_selection_iteration: Best treshold: 0.3
2023-12-10 05:06:45,423.423 INFO feature_selection - run_selection_iteration: Train score: 0.15673975055901593
2023-12-10 05:06:45,423.423 INFO feature_selection - run_selection_iteration: Validation score: 0.1865872153682331
2023-12-10 05:06:45,423.423 INFO feature_selection - run_selection_iteration: Starting evaluation of additional feature (18)
2023-12-10 05:12:02,359.359 INFO feature_selection - run_selection_iteration: Best treshold: 0.33
2023-12-10 05:12:02,359.359 INFO feature_selection - run_selection_iteration: Train score: 0.1853373470588065
2023-12-10 05:12:02,359.359 INFO feature_selection - run_selection_iteration: Validation score: 0.22819585136672266
2023-12-10 05:12:02,359.359 INFO feature_selection - run_selection_iteration: Starting evaluation of additional feature (19)
2023-12-10 05:17:19,390.390 INFO feature_selection - run_selection_iteration: Best treshold: 0.31
2023-12-10 05:17:19,390.390 INFO feature_selection - run_selection_iteration: Train score: 0.17235878684466968
2023-12-10 05:17:19,390.390 INFO feature_selection - run_selection_iteration: Validation score: 0.23419982239777473
2023-12-10 05:17:19,391.391 INFO feature_selection - run_selection_iteration: Starting evaluation of additional feature (20)
2023-12-10 05:22:35,974.974 INFO feature_selection - run_selection_iteration: Best treshold: 0.32
2023-12-10 05:22:35,974.974 INFO feature_selection - run_selection_iteration: Train score: 0.19008421594175343
2023-12-10 05:22:35,974.974 INFO feature_selection - run_selection_iteration: Validation score: 0.23483043116178953
2023-12-10 05:22:35,974.974 INFO feature_selection - run_selection_iteration: Starting evaluation of additional feature (21)
2023-12-10 05:27:52,543.543 INFO feature_selection - run_selection_iteration: Best treshold: 0.36
2023-12-10 05:27:52,543.543 INFO feature_selection - run_selection_iteration: Train score: 0.2521110908507869
2023-12-10 05:27:52,543.543 INFO feature_selection - run_selection_iteration: Validation score: 0.20715563819570731
2023-12-10 05:27:52,544.544 INFO feature_selection - run_selection_iteration: Starting evaluation of additional feature (22)
2023-12-10 05:33:08,980.980 INFO feature_selection - run_selection_iteration: Best treshold: 0.32
2023-12-10 05:33:08,980.980 INFO feature_selection - run_selection_iteration: Train score: 0.19526389755228726
2023-12-10 05:33:08,980.980 INFO feature_selection - run_selection_iteration: Validation score: 0.21832168182615447
2023-12-10 05:33:08,981.981 INFO feature_selection - run_selection_iteration: Starting evaluation of additional feature (23)
2023-12-10 05:38:25,315.315 INFO feature_selection - run_selection_iteration: Best treshold: 0.32
2023-12-10 05:38:25,315.315 INFO feature_selection - run_selection_iteration: Train score: 0.19481439078451532
2023-12-10 05:38:25,315.315 INFO feature_selection - run_selection_iteration: Validation score: 0.23503043897335202
2023-12-10 05:38:25,315.315 INFO feature_selection - run_selection_iteration: Starting evaluation of additional feature (24)
2023-12-10 05:43:41,804.804 INFO feature_selection - run_selection_iteration: Best treshold: 0.33
2023-12-10 05:43:41,804.804 INFO feature_selection - run_selection_iteration: Train score: 0.19191460303844332
2023-12-10 05:43:41,805.805 INFO feature_selection - run_selection_iteration: Validation score: 0.23956448344247286
2023-12-10 05:43:41,807.807 INFO feature_selection - <module>: New channel added: 24 ((0.1975359814484441, 0.22991742574081797) -> (0.19191460303844332, 0.23956448344247286))
2023-12-10 05:43:41,807.807 INFO feature_selection - <module>: Selection loop iteration 3 | Initial channels: [0, 1, 2, 3, 5, 24]
2023-12-10 05:48:58,699.699 INFO feature_selection - run_selection_iteration: Basic scores: (0.1882857591239603, 0.23431818696370757)
2023-12-10 05:48:58,700.700 INFO feature_selection - run_selection_iteration: Starting evaluation of additional feature (4)
2023-12-10 05:54:11,316.316 INFO feature_selection - run_selection_iteration: Best treshold: 0.29
2023-12-10 05:54:11,316.316 INFO feature_selection - run_selection_iteration: Train score: 0.16498272929892574
2023-12-10 05:54:11,316.316 INFO feature_selection - run_selection_iteration: Validation score: 0.19951337204547315
2023-12-10 05:54:11,318.318 INFO feature_selection - run_selection_iteration: Starting evaluation of additional feature (6)
2023-12-10 05:59:23,738.738 INFO feature_selection - run_selection_iteration: Best treshold: 0.3
2023-12-10 05:59:23,739.739 INFO feature_selection - run_selection_iteration: Train score: 0.1512496978119688
2023-12-10 05:59:23,739.739 INFO feature_selection - run_selection_iteration: Validation score: 0.1821585196277677
2023-12-10 05:59:23,740.740 INFO feature_selection - run_selection_iteration: Starting evaluation of additional feature (7)
2023-12-10 06:04:35,378.378 INFO feature_selection - run_selection_iteration: Best treshold: 0.29
2023-12-10 06:04:35,378.378 INFO feature_selection - run_selection_iteration: Train score: 0.1534744095448835
2023-12-10 06:04:35,378.378 INFO feature_selection - run_selection_iteration: Validation score: 0.17216186546541998
2023-12-10 06:04:35,379.379 INFO feature_selection - run_selection_iteration: Starting evaluation of additional feature (8)
2023-12-10 06:09:47,008.008 INFO feature_selection - run_selection_iteration: Best treshold: 0.29
2023-12-10 06:09:47,008.008 INFO feature_selection - run_selection_iteration: Train score: 0.17416786768238282
2023-12-10 06:09:47,008.008 INFO feature_selection - run_selection_iteration: Validation score: 0.21235943677410005
2023-12-10 06:09:47,008.008 INFO feature_selection - run_selection_iteration: Starting evaluation of additional feature (9)
2023-12-10 06:14:58,722.722 INFO feature_selection - run_selection_iteration: Best treshold: 0.28
2023-12-10 06:14:58,722.722 INFO feature_selection - run_selection_iteration: Train score: 0.14545183980527057
2023-12-10 06:14:58,723.723 INFO feature_selection - run_selection_iteration: Validation score: 0.19440722687555997
2023-12-10 06:14:58,723.723 INFO feature_selection - run_selection_iteration: Starting evaluation of additional feature (10)
2023-12-10 06:20:10,492.492 INFO feature_selection - run_selection_iteration: Best treshold: 0.29
2023-12-10 06:20:10,492.492 INFO feature_selection - run_selection_iteration: Train score: 0.15142632192233807
2023-12-10 06:20:10,492.492 INFO feature_selection - run_selection_iteration: Validation score: 0.2129322512021091
2023-12-10 06:20:10,492.492 INFO feature_selection - run_selection_iteration: Starting evaluation of additional feature (11)
2023-12-10 06:25:22,578.578 INFO feature_selection - run_selection_iteration: Best treshold: 0.3
2023-12-10 06:25:22,578.578 INFO feature_selection - run_selection_iteration: Train score: 0.1505694432034531
2023-12-10 06:25:22,578.578 INFO feature_selection - run_selection_iteration: Validation score: 0.17199004791528688
2023-12-10 06:25:22,579.579 INFO feature_selection - run_selection_iteration: Starting evaluation of additional feature (12)
2023-12-10 06:30:33,984.984 INFO feature_selection - run_selection_iteration: Best treshold: 0.29
2023-12-10 06:30:33,984.984 INFO feature_selection - run_selection_iteration: Train score: 0.15346509531760857
2023-12-10 06:30:33,984.984 INFO feature_selection - run_selection_iteration: Validation score: 0.2074120498178579
2023-12-10 06:30:33,985.985 INFO feature_selection - run_selection_iteration: Starting evaluation of additional feature (13)
2023-12-10 06:35:45,643.643 INFO feature_selection - run_selection_iteration: Best treshold: 0.29
2023-12-10 06:35:45,643.643 INFO feature_selection - run_selection_iteration: Train score: 0.15804664129777257
2023-12-10 06:35:45,643.643 INFO feature_selection - run_selection_iteration: Validation score: 0.21602974777115722
2023-12-10 06:35:45,643.643 INFO feature_selection - run_selection_iteration: Starting evaluation of additional feature (14)
2023-12-10 06:40:58,152.152 INFO feature_selection - run_selection_iteration: Best treshold: 0.29
2023-12-10 06:40:58,152.152 INFO feature_selection - run_selection_iteration: Train score: 0.1661475683402497
2023-12-10 06:40:58,152.152 INFO feature_selection - run_selection_iteration: Validation score: 0.1858068356111073
2023-12-10 06:40:58,152.152 INFO feature_selection - run_selection_iteration: Starting evaluation of additional feature (15)
2023-12-10 06:46:10,147.147 INFO feature_selection - run_selection_iteration: Best treshold: 0.29
2023-12-10 06:46:10,147.147 INFO feature_selection - run_selection_iteration: Train score: 0.17089990457487747
2023-12-10 06:46:10,147.147 INFO feature_selection - run_selection_iteration: Validation score: 0.20455846437548403
2023-12-10 06:46:10,147.147 INFO feature_selection - run_selection_iteration: Starting evaluation of additional feature (16)
2023-12-10 06:51:22,550.550 INFO feature_selection - run_selection_iteration: Best treshold: 0.29
2023-12-10 06:51:22,550.550 INFO feature_selection - run_selection_iteration: Train score: 0.16210937734884698
2023-12-10 06:51:22,550.550 INFO feature_selection - run_selection_iteration: Validation score: 0.18767566821330192
2023-12-10 06:51:22,550.550 INFO feature_selection - run_selection_iteration: Starting evaluation of additional feature (17)
2023-12-10 06:56:34,825.825 INFO feature_selection - run_selection_iteration: Best treshold: 0.28
2023-12-10 06:56:34,825.825 INFO feature_selection - run_selection_iteration: Train score: 0.16350836620867906
2023-12-10 06:56:34,825.825 INFO feature_selection - run_selection_iteration: Validation score: 0.1937039753557283
2023-12-10 06:56:34,825.825 INFO feature_selection - run_selection_iteration: Starting evaluation of additional feature (18)
2023-12-10 07:01:47,315.315 INFO feature_selection - run_selection_iteration: Best treshold: 0.31
2023-12-10 07:01:47,315.315 INFO feature_selection - run_selection_iteration: Train score: 0.18336866671296087
2023-12-10 07:01:47,315.315 INFO feature_selection - run_selection_iteration: Validation score: 0.22007371716891513
2023-12-10 07:01:47,315.315 INFO feature_selection - run_selection_iteration: Starting evaluation of additional feature (19)
2023-12-10 07:06:58,956.956 INFO feature_selection - run_selection_iteration: Best treshold: 0.3
2023-12-10 07:06:58,956.956 INFO feature_selection - run_selection_iteration: Train score: 0.16696541675968207
2023-12-10 07:06:58,956.956 INFO feature_selection - run_selection_iteration: Validation score: 0.21026015989632135
2023-12-10 07:06:58,956.956 INFO feature_selection - run_selection_iteration: Starting evaluation of additional feature (20)
2023-12-10 07:12:11,331.331 INFO feature_selection - run_selection_iteration: Best treshold: 0.3
2023-12-10 07:12:11,331.331 INFO feature_selection - run_selection_iteration: Train score: 0.1873763497569254
2023-12-10 07:12:11,331.331 INFO feature_selection - run_selection_iteration: Validation score: 0.22335445850392374
2023-12-10 07:12:11,331.331 INFO feature_selection - run_selection_iteration: Starting evaluation of additional feature (21)
2023-12-10 07:17:24,204.204 INFO feature_selection - run_selection_iteration: Best treshold: 0.33
2023-12-10 07:17:24,204.204 INFO feature_selection - run_selection_iteration: Train score: 0.24450899010271065
2023-12-10 07:17:24,204.204 INFO feature_selection - run_selection_iteration: Validation score: 0.21631041019113847
2023-12-10 07:17:24,204.204 INFO feature_selection - run_selection_iteration: Starting evaluation of additional feature (22)
2023-12-10 07:22:37,843.843 INFO feature_selection - run_selection_iteration: Best treshold: 0.3
2023-12-10 07:22:37,843.843 INFO feature_selection - run_selection_iteration: Train score: 0.1808344107690449
2023-12-10 07:22:37,843.843 INFO feature_selection - run_selection_iteration: Validation score: 0.21306644163921645
2023-12-10 07:22:37,844.844 INFO feature_selection - run_selection_iteration: Starting evaluation of additional feature (23)
2023-12-10 07:27:50,344.344 INFO feature_selection - run_selection_iteration: Best treshold: 0.3
2023-12-10 07:27:50,344.344 INFO feature_selection - run_selection_iteration: Train score: 0.18444767441860466
2023-12-10 07:27:50,344.344 INFO feature_selection - run_selection_iteration: Validation score: 0.21976851674355793
2023-12-10 07:27:50,346.346 INFO feature_selection - <module>: New iteration didn't find any channel that would increase model score
2023-12-10 07:27:50,346.346 INFO feature_selection - <module>: Final channels: [0, 1, 2, 3, 5, 24]
