2023-12-09 00:25:32,748.748 INFO feature_selection - <module>: Selection loop iteration 1 | Initial channels: [0, 1, 2, 3]
2023-12-09 00:30:39,400.400 INFO feature_selection - run_selection_iteration: Basic scores: (0.2061582875554978, 0.17576884885948843)
2023-12-09 00:30:39,400.400 INFO feature_selection - run_selection_iteration: Starting evaluation of additional feature (4)
2023-12-09 00:35:52,714.714 INFO feature_selection - run_selection_iteration: Best treshold: 0.29
2023-12-09 00:35:52,714.714 INFO feature_selection - run_selection_iteration: Train score: 0.18289206230013333
2023-12-09 00:35:52,714.714 INFO feature_selection - run_selection_iteration: Validation score: 0.22282461265839587
2023-12-09 00:35:52,714.714 INFO feature_selection - run_selection_iteration: Starting evaluation of additional feature (5)
2023-12-09 00:41:05,692.692 INFO feature_selection - run_selection_iteration: Best treshold: 0.3
2023-12-09 00:41:05,692.692 INFO feature_selection - run_selection_iteration: Train score: 0.1985362764876526
2023-12-09 00:41:05,692.692 INFO feature_selection - run_selection_iteration: Validation score: 0.2355890518916422
2023-12-09 00:41:05,692.692 INFO feature_selection - run_selection_iteration: Starting evaluation of additional feature (6)
2023-12-09 00:46:19,461.461 INFO feature_selection - run_selection_iteration: Best treshold: 0.3
2023-12-09 00:46:19,471.471 INFO feature_selection - run_selection_iteration: Train score: 0.1670864068112959
2023-12-09 00:46:19,471.471 INFO feature_selection - run_selection_iteration: Validation score: 0.20209649406516816
2023-12-09 00:46:19,471.471 INFO feature_selection - run_selection_iteration: Starting evaluation of additional feature (7)
2023-12-09 00:51:32,824.824 INFO feature_selection - run_selection_iteration: Best treshold: 0.3
2023-12-09 00:51:32,824.824 INFO feature_selection - run_selection_iteration: Train score: 0.17077551378284736
2023-12-09 00:51:32,824.824 INFO feature_selection - run_selection_iteration: Validation score: 0.20251307218625123
2023-12-09 00:51:32,824.824 INFO feature_selection - run_selection_iteration: Starting evaluation of additional feature (8)
2023-12-09 00:56:45,908.908 INFO feature_selection - run_selection_iteration: Best treshold: 0.29
2023-12-09 00:56:45,908.908 INFO feature_selection - run_selection_iteration: Train score: 0.1857926564471006
2023-12-09 00:56:45,908.908 INFO feature_selection - run_selection_iteration: Validation score: 0.18813754564839097
2023-12-09 00:56:45,908.908 INFO feature_selection - run_selection_iteration: Starting evaluation of additional feature (9)
2023-12-09 01:01:59,950.950 INFO feature_selection - run_selection_iteration: Best treshold: 0.3
2023-12-09 01:01:59,950.950 INFO feature_selection - run_selection_iteration: Train score: 0.1584998212997421
2023-12-09 01:01:59,950.950 INFO feature_selection - run_selection_iteration: Validation score: 0.19693675869004992
2023-12-09 01:01:59,950.950 INFO feature_selection - run_selection_iteration: Starting evaluation of additional feature (10)
2023-12-09 01:07:12,632.632 INFO feature_selection - run_selection_iteration: Best treshold: 0.31
2023-12-09 01:07:12,632.632 INFO feature_selection - run_selection_iteration: Train score: 0.1854870226381443
2023-12-09 01:07:12,632.632 INFO feature_selection - run_selection_iteration: Validation score: 0.19250291109528156
2023-12-09 01:07:12,632.632 INFO feature_selection - run_selection_iteration: Starting evaluation of additional feature (11)
2023-12-09 01:12:25,657.657 INFO feature_selection - run_selection_iteration: Best treshold: 0.3
2023-12-09 01:12:25,657.657 INFO feature_selection - run_selection_iteration: Train score: 0.1739705016076357
2023-12-09 01:12:25,657.657 INFO feature_selection - run_selection_iteration: Validation score: 0.17371840366872304
2023-12-09 01:12:25,657.657 INFO feature_selection - run_selection_iteration: Starting evaluation of additional feature (12)
2023-12-09 01:17:39,567.567 INFO feature_selection - run_selection_iteration: Best treshold: 0.31
2023-12-09 01:17:39,567.567 INFO feature_selection - run_selection_iteration: Train score: 0.1743768809321707
2023-12-09 01:17:39,567.567 INFO feature_selection - run_selection_iteration: Validation score: 0.18978005246106924
2023-12-09 01:17:39,567.567 INFO feature_selection - run_selection_iteration: Starting evaluation of additional feature (13)
2023-12-09 01:22:53,559.559 INFO feature_selection - run_selection_iteration: Best treshold: 0.32
2023-12-09 01:22:53,559.559 INFO feature_selection - run_selection_iteration: Train score: 0.17932253552298305
2023-12-09 01:22:53,559.559 INFO feature_selection - run_selection_iteration: Validation score: 0.19163061121172423
2023-12-09 01:22:53,559.559 INFO feature_selection - run_selection_iteration: Starting evaluation of additional feature (14)
2023-12-09 01:28:07,269.269 INFO feature_selection - run_selection_iteration: Best treshold: 0.29
2023-12-09 01:28:07,269.269 INFO feature_selection - run_selection_iteration: Train score: 0.1876045149200301
2023-12-09 01:28:07,269.269 INFO feature_selection - run_selection_iteration: Validation score: 0.19685475660627247
2023-12-09 01:28:07,269.269 INFO feature_selection - run_selection_iteration: Starting evaluation of additional feature (15)
2023-12-09 01:33:21,235.235 INFO feature_selection - run_selection_iteration: Best treshold: 0.31
2023-12-09 01:33:21,235.235 INFO feature_selection - run_selection_iteration: Train score: 0.20061762167025324
2023-12-09 01:33:21,235.235 INFO feature_selection - run_selection_iteration: Validation score: 0.17671393617902081
2023-12-09 01:33:21,235.235 INFO feature_selection - run_selection_iteration: Starting evaluation of additional feature (16)
2023-12-09 01:38:34,793.793 INFO feature_selection - run_selection_iteration: Best treshold: 0.29
2023-12-09 01:38:34,793.793 INFO feature_selection - run_selection_iteration: Train score: 0.18351670648838683
2023-12-09 01:38:34,793.793 INFO feature_selection - run_selection_iteration: Validation score: 0.19690341417197987
2023-12-09 01:38:34,793.793 INFO feature_selection - run_selection_iteration: Starting evaluation of additional feature (17)
2023-12-09 01:43:48,772.772 INFO feature_selection - run_selection_iteration: Best treshold: 0.31
2023-12-09 01:43:48,772.772 INFO feature_selection - run_selection_iteration: Train score: 0.1878283778024801
2023-12-09 01:43:48,772.772 INFO feature_selection - run_selection_iteration: Validation score: 0.18583227026498794
2023-12-09 01:43:48,772.772 INFO feature_selection - run_selection_iteration: Starting evaluation of additional feature (18)
2023-12-09 01:49:01,746.746 INFO feature_selection - run_selection_iteration: Best treshold: 0.32
2023-12-09 01:49:01,746.746 INFO feature_selection - run_selection_iteration: Train score: 0.2284674827815842
2023-12-09 01:49:01,746.746 INFO feature_selection - run_selection_iteration: Validation score: 0.17809939241018558
2023-12-09 01:49:01,746.746 INFO feature_selection - run_selection_iteration: Starting evaluation of additional feature (19)
2023-12-09 01:54:16,019.019 INFO feature_selection - run_selection_iteration: Best treshold: 0.31
2023-12-09 01:54:16,019.019 INFO feature_selection - run_selection_iteration: Train score: 0.2020086497973219
2023-12-09 01:54:16,019.019 INFO feature_selection - run_selection_iteration: Validation score: 0.1893349759222729
2023-12-09 01:54:16,019.019 INFO feature_selection - run_selection_iteration: Starting evaluation of additional feature (20)
2023-12-09 01:59:29,749.749 INFO feature_selection - run_selection_iteration: Best treshold: 0.32
2023-12-09 01:59:29,749.749 INFO feature_selection - run_selection_iteration: Train score: 0.23029800905098743
2023-12-09 01:59:29,749.749 INFO feature_selection - run_selection_iteration: Validation score: 0.23212645771659887
2023-12-09 01:59:29,749.749 INFO feature_selection - run_selection_iteration: Starting evaluation of additional feature (21)
2023-12-09 02:04:42,283.283 INFO feature_selection - run_selection_iteration: Best treshold: 0.33
2023-12-09 02:04:42,283.283 INFO feature_selection - run_selection_iteration: Train score: 0.26950135887897303
2023-12-09 02:04:42,283.283 INFO feature_selection - run_selection_iteration: Validation score: 0.20313520011273145
2023-12-09 02:04:42,283.283 INFO feature_selection - run_selection_iteration: Starting evaluation of additional feature (22)
2023-12-09 02:09:55,657.657 INFO feature_selection - run_selection_iteration: Best treshold: 0.32
2023-12-09 02:09:55,657.657 INFO feature_selection - run_selection_iteration: Train score: 0.22374974129541644
2023-12-09 02:09:55,657.657 INFO feature_selection - run_selection_iteration: Validation score: 0.21521749467688844
2023-12-09 02:09:55,657.657 INFO feature_selection - run_selection_iteration: Starting evaluation of additional feature (23)
2023-12-09 02:15:10,139.139 INFO feature_selection - run_selection_iteration: Best treshold: 0.32
2023-12-09 02:15:10,139.139 INFO feature_selection - run_selection_iteration: Train score: 0.22534636112170928
2023-12-09 02:15:10,139.139 INFO feature_selection - run_selection_iteration: Validation score: 0.22811951415934376
2023-12-09 02:15:10,139.139 INFO feature_selection - run_selection_iteration: Starting evaluation of additional feature (24)
2023-12-09 02:20:23,856.856 INFO feature_selection - run_selection_iteration: Best treshold: 0.33
2023-12-09 02:20:23,856.856 INFO feature_selection - run_selection_iteration: Train score: 0.22239529274946637
2023-12-09 02:20:23,856.856 INFO feature_selection - run_selection_iteration: Validation score: 0.20879499078535427
2023-12-09 02:20:23,866.866 INFO feature_selection - <module>: New channel added: 5 ((0.2061582875554978, 0.17576884885948843) -> (0.1985362764876526, 0.2355890518916422))
2023-12-09 02:20:23,866.866 INFO feature_selection - <module>: Selection loop iteration 2 | Initial channels: [0, 1, 2, 3, 5]
2023-12-09 02:25:37,903.903 INFO feature_selection - run_selection_iteration: Basic scores: (0.19654257438600736, 0.24082884406112007)
2023-12-09 02:25:37,903.903 INFO feature_selection - run_selection_iteration: Starting evaluation of additional feature (4)
2023-12-09 02:30:50,587.587 INFO feature_selection - run_selection_iteration: Best treshold: 0.3
2023-12-09 02:30:50,587.587 INFO feature_selection - run_selection_iteration: Train score: 0.16816700343440538
2023-12-09 02:30:50,587.587 INFO feature_selection - run_selection_iteration: Validation score: 0.21191350272414106
2023-12-09 02:30:50,597.597 INFO feature_selection - run_selection_iteration: Starting evaluation of additional feature (6)
2023-12-09 02:36:02,520.520 INFO feature_selection - run_selection_iteration: Best treshold: 0.3
2023-12-09 02:36:02,520.520 INFO feature_selection - run_selection_iteration: Train score: 0.15308894161981784
2023-12-09 02:36:02,520.520 INFO feature_selection - run_selection_iteration: Validation score: 0.18914371109516018
2023-12-09 02:36:02,520.520 INFO feature_selection - run_selection_iteration: Starting evaluation of additional feature (7)
2023-12-09 02:41:15,368.368 INFO feature_selection - run_selection_iteration: Best treshold: 0.3
2023-12-09 02:41:15,368.368 INFO feature_selection - run_selection_iteration: Train score: 0.15326454508106058
2023-12-09 02:41:15,368.368 INFO feature_selection - run_selection_iteration: Validation score: 0.19150102998083995
2023-12-09 02:41:15,368.368 INFO feature_selection - run_selection_iteration: Starting evaluation of additional feature (8)
2023-12-09 02:46:28,322.322 INFO feature_selection - run_selection_iteration: Best treshold: 0.32
2023-12-09 02:46:28,322.322 INFO feature_selection - run_selection_iteration: Train score: 0.16874328787810716
2023-12-09 02:46:28,322.322 INFO feature_selection - run_selection_iteration: Validation score: 0.2090225888653738
2023-12-09 02:46:28,322.322 INFO feature_selection - run_selection_iteration: Starting evaluation of additional feature (9)
2023-12-09 02:51:40,471.471 INFO feature_selection - run_selection_iteration: Best treshold: 0.29
2023-12-09 02:51:40,471.471 INFO feature_selection - run_selection_iteration: Train score: 0.14709518401400487
2023-12-09 02:51:40,471.471 INFO feature_selection - run_selection_iteration: Validation score: 0.17119961056633834
2023-12-09 02:51:40,471.471 INFO feature_selection - run_selection_iteration: Starting evaluation of additional feature (10)
2023-12-09 02:56:53,445.445 INFO feature_selection - run_selection_iteration: Best treshold: 0.3
2023-12-09 02:56:53,445.445 INFO feature_selection - run_selection_iteration: Train score: 0.16282044455781342
2023-12-09 02:56:53,445.445 INFO feature_selection - run_selection_iteration: Validation score: 0.2164460660002291
2023-12-09 02:56:53,445.445 INFO feature_selection - run_selection_iteration: Starting evaluation of additional feature (11)
2023-12-09 03:02:11,555.555 INFO feature_selection - run_selection_iteration: Best treshold: 0.3
2023-12-09 03:02:11,555.555 INFO feature_selection - run_selection_iteration: Train score: 0.1526577007255768
2023-12-09 03:02:11,555.555 INFO feature_selection - run_selection_iteration: Validation score: 0.2087995806939982
2023-12-09 03:02:11,555.555 INFO feature_selection - run_selection_iteration: Starting evaluation of additional feature (12)
2023-12-09 03:07:31,739.739 INFO feature_selection - run_selection_iteration: Best treshold: 0.29
2023-12-09 03:07:31,739.739 INFO feature_selection - run_selection_iteration: Train score: 0.1569327666860305
2023-12-09 03:07:31,739.739 INFO feature_selection - run_selection_iteration: Validation score: 0.21882959359112825
2023-12-09 03:07:31,739.739 INFO feature_selection - run_selection_iteration: Starting evaluation of additional feature (13)
2023-12-09 03:12:51,602.602 INFO feature_selection - run_selection_iteration: Best treshold: 0.3
2023-12-09 03:12:51,602.602 INFO feature_selection - run_selection_iteration: Train score: 0.15381384875535611
2023-12-09 03:12:51,602.602 INFO feature_selection - run_selection_iteration: Validation score: 0.2209953705334808
2023-12-09 03:12:51,602.602 INFO feature_selection - run_selection_iteration: Starting evaluation of additional feature (14)
2023-12-09 03:18:12,196.196 INFO feature_selection - run_selection_iteration: Best treshold: 0.3
2023-12-09 03:18:12,196.196 INFO feature_selection - run_selection_iteration: Train score: 0.1676365951222155
2023-12-09 03:18:12,196.196 INFO feature_selection - run_selection_iteration: Validation score: 0.20638294484779007
2023-12-09 03:18:12,196.196 INFO feature_selection - run_selection_iteration: Starting evaluation of additional feature (15)
2023-12-09 03:23:29,966.966 INFO feature_selection - run_selection_iteration: Best treshold: 0.3
2023-12-09 03:23:29,966.966 INFO feature_selection - run_selection_iteration: Train score: 0.1704790387207692
2023-12-09 03:23:29,966.966 INFO feature_selection - run_selection_iteration: Validation score: 0.22169419872951843
2023-12-09 03:23:29,966.966 INFO feature_selection - run_selection_iteration: Starting evaluation of additional feature (16)
2023-12-09 03:28:47,856.856 INFO feature_selection - run_selection_iteration: Best treshold: 0.3
2023-12-09 03:28:47,856.856 INFO feature_selection - run_selection_iteration: Train score: 0.15464901659342703
2023-12-09 03:28:47,856.856 INFO feature_selection - run_selection_iteration: Validation score: 0.1924788345678632
2023-12-09 03:28:47,856.856 INFO feature_selection - run_selection_iteration: Starting evaluation of additional feature (17)
2023-12-09 03:34:03,489.489 INFO feature_selection - run_selection_iteration: Best treshold: 0.29
2023-12-09 03:34:03,489.489 INFO feature_selection - run_selection_iteration: Train score: 0.15715683295659055
2023-12-09 03:34:03,489.489 INFO feature_selection - run_selection_iteration: Validation score: 0.19371930537066703
2023-12-09 03:34:03,489.489 INFO feature_selection - run_selection_iteration: Starting evaluation of additional feature (18)
2023-12-09 03:39:18,441.441 INFO feature_selection - run_selection_iteration: Best treshold: 0.31
2023-12-09 03:39:18,441.441 INFO feature_selection - run_selection_iteration: Train score: 0.18661544632815635
2023-12-09 03:39:18,441.441 INFO feature_selection - run_selection_iteration: Validation score: 0.23664259195978152
2023-12-09 03:39:18,441.441 INFO feature_selection - run_selection_iteration: Starting evaluation of additional feature (19)
2023-12-09 03:44:33,639.639 INFO feature_selection - run_selection_iteration: Best treshold: 0.31
2023-12-09 03:44:33,639.639 INFO feature_selection - run_selection_iteration: Train score: 0.17033757017775977
2023-12-09 03:44:33,639.639 INFO feature_selection - run_selection_iteration: Validation score: 0.2352236927433683
2023-12-09 03:44:33,639.639 INFO feature_selection - run_selection_iteration: Starting evaluation of additional feature (20)
2023-12-09 03:49:48,773.773 INFO feature_selection - run_selection_iteration: Best treshold: 0.33
2023-12-09 03:49:48,773.773 INFO feature_selection - run_selection_iteration: Train score: 0.1904882146428525
2023-12-09 03:49:48,773.773 INFO feature_selection - run_selection_iteration: Validation score: 0.23272646733111851
2023-12-09 03:49:48,773.773 INFO feature_selection - run_selection_iteration: Starting evaluation of additional feature (21)
2023-12-09 03:55:04,969.969 INFO feature_selection - run_selection_iteration: Best treshold: 0.35
2023-12-09 03:55:04,969.969 INFO feature_selection - run_selection_iteration: Train score: 0.2519128431865717
2023-12-09 03:55:04,969.969 INFO feature_selection - run_selection_iteration: Validation score: 0.22419505860826502
2023-12-09 03:55:04,969.969 INFO feature_selection - run_selection_iteration: Starting evaluation of additional feature (22)
2023-12-09 04:00:20,733.733 INFO feature_selection - run_selection_iteration: Best treshold: 0.32
2023-12-09 04:00:20,733.733 INFO feature_selection - run_selection_iteration: Train score: 0.19432589379416496
2023-12-09 04:00:20,733.733 INFO feature_selection - run_selection_iteration: Validation score: 0.22983328607469772
2023-12-09 04:00:20,733.733 INFO feature_selection - run_selection_iteration: Starting evaluation of additional feature (23)
2023-12-09 04:05:36,870.870 INFO feature_selection - run_selection_iteration: Best treshold: 0.33
2023-12-09 04:05:36,870.870 INFO feature_selection - run_selection_iteration: Train score: 0.19725307018900606
2023-12-09 04:05:36,870.870 INFO feature_selection - run_selection_iteration: Validation score: 0.2320673912428795
2023-12-09 04:05:36,870.870 INFO feature_selection - run_selection_iteration: Starting evaluation of additional feature (24)
2023-12-09 04:10:54,121.121 INFO feature_selection - run_selection_iteration: Best treshold: 0.32
2023-12-09 04:10:54,121.121 INFO feature_selection - run_selection_iteration: Train score: 0.18972240804053783
2023-12-09 04:10:54,121.121 INFO feature_selection - run_selection_iteration: Validation score: 0.2399788755382476
2023-12-09 04:10:54,121.121 INFO feature_selection - <module>: New iteration didn't find any channel that would increase model score
2023-12-09 04:10:54,121.121 INFO feature_selection - <module>: Final channels: [0, 1, 2, 3, 5]
