2023-12-06 22:25:16,202.202 INFO feature_selection - <module>: Selection loop iteration 1 | Initial channels: [0, 1, 2, 3]
2023-12-06 22:38:35,844.844 INFO feature_selection - run_selection_iteration: Basic scores: (0.20473837538314607, 0.14998221406773632)
2023-12-06 22:38:35,844.844 INFO feature_selection - run_selection_iteration: Starting evaluation of additional feature (4)
2023-12-06 22:43:49,937.937 INFO feature_selection - run_selection_iteration: Best treshold: 0.29
2023-12-06 22:43:49,937.937 INFO feature_selection - run_selection_iteration: Train score: 0.1815821642855186
2023-12-06 22:43:49,938.938 INFO feature_selection - run_selection_iteration: Validation score: 0.2240277262764477
2023-12-06 22:43:49,938.938 INFO feature_selection - run_selection_iteration: Starting evaluation of additional feature (5)
2023-12-06 22:49:05,253.253 INFO feature_selection - run_selection_iteration: Best treshold: 0.3
2023-12-06 22:49:05,253.253 INFO feature_selection - run_selection_iteration: Train score: 0.1971364900248113
2023-12-06 22:49:05,253.253 INFO feature_selection - run_selection_iteration: Validation score: 0.22617788196021157
2023-12-06 22:49:05,254.254 INFO feature_selection - run_selection_iteration: Starting evaluation of additional feature (6)
2023-12-06 22:54:19,696.696 INFO feature_selection - run_selection_iteration: Best treshold: 0.32
2023-12-06 22:54:19,696.696 INFO feature_selection - run_selection_iteration: Train score: 0.16378780086920572
2023-12-06 22:54:19,696.696 INFO feature_selection - run_selection_iteration: Validation score: 0.19363918339987307
2023-12-06 22:54:19,697.697 INFO feature_selection - run_selection_iteration: Starting evaluation of additional feature (7)
2023-12-06 22:59:33,739.739 INFO feature_selection - run_selection_iteration: Best treshold: 0.29
2023-12-06 22:59:33,739.739 INFO feature_selection - run_selection_iteration: Train score: 0.172728239103391
2023-12-06 22:59:33,739.739 INFO feature_selection - run_selection_iteration: Validation score: 0.20115272939846465
2023-12-06 22:59:33,739.739 INFO feature_selection - run_selection_iteration: Starting evaluation of additional feature (8)
2023-12-06 23:04:45,032.032 INFO feature_selection - run_selection_iteration: Best treshold: 0.29
2023-12-06 23:04:45,032.032 INFO feature_selection - run_selection_iteration: Train score: 0.18174928453780867
2023-12-06 23:04:45,032.032 INFO feature_selection - run_selection_iteration: Validation score: 0.19699210291832314
2023-12-06 23:04:45,032.032 INFO feature_selection - run_selection_iteration: Starting evaluation of additional feature (9)
2023-12-06 23:09:54,335.335 INFO feature_selection - run_selection_iteration: Best treshold: 0.3
2023-12-06 23:09:54,335.335 INFO feature_selection - run_selection_iteration: Train score: 0.15741673118928928
2023-12-06 23:09:54,335.335 INFO feature_selection - run_selection_iteration: Validation score: 0.1889684403459534
2023-12-06 23:09:54,335.335 INFO feature_selection - run_selection_iteration: Starting evaluation of additional feature (10)
2023-12-06 23:15:08,852.852 INFO feature_selection - run_selection_iteration: Best treshold: 0.31
2023-12-06 23:15:08,852.852 INFO feature_selection - run_selection_iteration: Train score: 0.17857028689553972
2023-12-06 23:15:08,852.852 INFO feature_selection - run_selection_iteration: Validation score: 0.19514131224774875
2023-12-06 23:15:08,854.854 INFO feature_selection - run_selection_iteration: Starting evaluation of additional feature (11)
2023-12-06 23:20:24,146.146 INFO feature_selection - run_selection_iteration: Best treshold: 0.3
2023-12-06 23:20:24,146.146 INFO feature_selection - run_selection_iteration: Train score: 0.177310648500725
2023-12-06 23:20:24,146.146 INFO feature_selection - run_selection_iteration: Validation score: 0.1729554747259174
2023-12-06 23:20:24,146.146 INFO feature_selection - run_selection_iteration: Starting evaluation of additional feature (12)
2023-12-06 23:25:39,054.054 INFO feature_selection - run_selection_iteration: Best treshold: 0.31
2023-12-06 23:25:39,054.054 INFO feature_selection - run_selection_iteration: Train score: 0.17446218112514617
2023-12-06 23:25:39,054.054 INFO feature_selection - run_selection_iteration: Validation score: 0.18612968176007855
2023-12-06 23:25:39,055.055 INFO feature_selection - run_selection_iteration: Starting evaluation of additional feature (13)
2023-12-06 23:30:53,457.457 INFO feature_selection - run_selection_iteration: Best treshold: 0.32
2023-12-06 23:30:53,458.458 INFO feature_selection - run_selection_iteration: Train score: 0.1785760936498952
2023-12-06 23:30:53,458.458 INFO feature_selection - run_selection_iteration: Validation score: 0.1866843844764728
2023-12-06 23:30:53,458.458 INFO feature_selection - run_selection_iteration: Starting evaluation of additional feature (14)
2023-12-06 23:36:08,088.088 INFO feature_selection - run_selection_iteration: Best treshold: 0.3
2023-12-06 23:36:08,089.089 INFO feature_selection - run_selection_iteration: Train score: 0.1868474927705475
2023-12-06 23:36:08,089.089 INFO feature_selection - run_selection_iteration: Validation score: 0.18126979262437432
2023-12-06 23:36:08,089.089 INFO feature_selection - run_selection_iteration: Starting evaluation of additional feature (15)
2023-12-06 23:41:23,368.368 INFO feature_selection - run_selection_iteration: Best treshold: 0.3
2023-12-06 23:41:23,368.368 INFO feature_selection - run_selection_iteration: Train score: 0.19815213314117625
2023-12-06 23:41:23,368.368 INFO feature_selection - run_selection_iteration: Validation score: 0.18768937192714064
2023-12-06 23:41:23,368.368 INFO feature_selection - run_selection_iteration: Starting evaluation of additional feature (16)
2023-12-06 23:46:36,826.826 INFO feature_selection - run_selection_iteration: Best treshold: 0.29
2023-12-06 23:46:36,826.826 INFO feature_selection - run_selection_iteration: Train score: 0.18717121801081532
2023-12-06 23:46:36,826.826 INFO feature_selection - run_selection_iteration: Validation score: 0.19771116438911157
2023-12-06 23:46:36,827.827 INFO feature_selection - run_selection_iteration: Starting evaluation of additional feature (17)
2023-12-06 23:51:50,213.213 INFO feature_selection - run_selection_iteration: Best treshold: 0.3
2023-12-06 23:51:50,213.213 INFO feature_selection - run_selection_iteration: Train score: 0.19074953951774948
2023-12-06 23:51:50,213.213 INFO feature_selection - run_selection_iteration: Validation score: 0.20475366714851062
2023-12-06 23:51:50,213.213 INFO feature_selection - run_selection_iteration: Starting evaluation of additional feature (18)
2023-12-06 23:56:58,814.814 INFO feature_selection - run_selection_iteration: Best treshold: 0.33
2023-12-06 23:56:58,814.814 INFO feature_selection - run_selection_iteration: Train score: 0.22706055971111275
2023-12-06 23:56:58,814.814 INFO feature_selection - run_selection_iteration: Validation score: 0.16478740402472264
2023-12-06 23:56:58,814.814 INFO feature_selection - run_selection_iteration: Starting evaluation of additional feature (19)
2023-12-07 00:02:14,047.047 INFO feature_selection - run_selection_iteration: Best treshold: 0.29
2023-12-07 00:02:14,047.047 INFO feature_selection - run_selection_iteration: Train score: 0.1370730038423075
2023-12-07 00:02:14,047.047 INFO feature_selection - run_selection_iteration: Validation score: 0.1635118792028269
2023-12-07 00:02:14,047.047 INFO feature_selection - run_selection_iteration: Starting evaluation of additional feature (20)
2023-12-07 00:07:27,272.272 INFO feature_selection - run_selection_iteration: Best treshold: 0.32
2023-12-07 00:07:27,272.272 INFO feature_selection - run_selection_iteration: Train score: 0.23059202472988558
2023-12-07 00:07:27,272.272 INFO feature_selection - run_selection_iteration: Validation score: 0.23450266913607148
2023-12-07 00:07:27,272.272 INFO feature_selection - run_selection_iteration: Starting evaluation of additional feature (21)
2023-12-07 00:12:36,996.996 INFO feature_selection - run_selection_iteration: Best treshold: 0.33
2023-12-07 00:12:36,996.996 INFO feature_selection - run_selection_iteration: Train score: 0.2680581599635613
2023-12-07 00:12:36,996.996 INFO feature_selection - run_selection_iteration: Validation score: 0.20562077752589034
2023-12-07 00:12:36,996.996 INFO feature_selection - run_selection_iteration: Starting evaluation of additional feature (22)
2023-12-07 00:17:46,187.187 INFO feature_selection - run_selection_iteration: Best treshold: 0.33
2023-12-07 00:17:46,187.187 INFO feature_selection - run_selection_iteration: Train score: 0.22441478625011294
2023-12-07 00:17:46,187.187 INFO feature_selection - run_selection_iteration: Validation score: 0.21858813547782277
2023-12-07 00:17:46,187.187 INFO feature_selection - run_selection_iteration: Starting evaluation of additional feature (23)
2023-12-07 00:22:55,472.472 INFO feature_selection - run_selection_iteration: Best treshold: 0.33
2023-12-07 00:22:55,472.472 INFO feature_selection - run_selection_iteration: Train score: 0.2259639980488037
2023-12-07 00:22:55,472.472 INFO feature_selection - run_selection_iteration: Validation score: 0.22229036764455348
2023-12-07 00:22:55,472.472 INFO feature_selection - run_selection_iteration: Starting evaluation of additional feature (24)
2023-12-07 00:28:04,272.272 INFO feature_selection - run_selection_iteration: Best treshold: 0.34
2023-12-07 00:28:04,272.272 INFO feature_selection - run_selection_iteration: Train score: 0.22010754938203944
2023-12-07 00:28:04,272.272 INFO feature_selection - run_selection_iteration: Validation score: 0.1836758999818217
2023-12-07 00:28:04,272.272 INFO feature_selection - <module>: New channel added: 20 ((0.20473837538314607, 0.14998221406773632) -> (0.23059202472988558, 0.23450266913607148))
2023-12-07 00:28:04,282.282 INFO feature_selection - <module>: Selection loop iteration 2 | Initial channels: [0, 1, 2, 3, 20]
2023-12-07 00:33:14,253.253 INFO feature_selection - run_selection_iteration: Basic scores: (0.23108025348163622, 0.22029424961888017)
2023-12-07 00:33:14,263.263 INFO feature_selection - run_selection_iteration: Starting evaluation of additional feature (4)
2023-12-07 00:38:30,009.009 INFO feature_selection - run_selection_iteration: Best treshold: 0.31
2023-12-07 00:38:30,009.009 INFO feature_selection - run_selection_iteration: Train score: 0.1849347568208778
2023-12-07 00:38:30,009.009 INFO feature_selection - run_selection_iteration: Validation score: 0.23049127362464197
2023-12-07 00:38:30,009.009 INFO feature_selection - run_selection_iteration: Starting evaluation of additional feature (5)
2023-12-07 00:43:51,773.773 INFO feature_selection - run_selection_iteration: Best treshold: 0.33
2023-12-07 00:43:51,773.773 INFO feature_selection - run_selection_iteration: Train score: 0.19275738006239518
2023-12-07 00:43:51,774.774 INFO feature_selection - run_selection_iteration: Validation score: 0.2468431834753724
2023-12-07 00:43:51,774.774 INFO feature_selection - run_selection_iteration: Starting evaluation of additional feature (6)
2023-12-07 00:49:11,083.083 INFO feature_selection - run_selection_iteration: Best treshold: 0.29
2023-12-07 00:49:11,083.083 INFO feature_selection - run_selection_iteration: Train score: 0.17123727582043993
2023-12-07 00:49:11,083.083 INFO feature_selection - run_selection_iteration: Validation score: 0.2081248058537259
2023-12-07 00:49:11,084.084 INFO feature_selection - run_selection_iteration: Starting evaluation of additional feature (7)
2023-12-07 00:54:30,157.157 INFO feature_selection - run_selection_iteration: Best treshold: 0.3
2023-12-07 00:54:30,157.157 INFO feature_selection - run_selection_iteration: Train score: 0.1695512044264769
2023-12-07 00:54:30,157.157 INFO feature_selection - run_selection_iteration: Validation score: 0.1912076561314
2023-12-07 00:54:30,159.159 INFO feature_selection - run_selection_iteration: Starting evaluation of additional feature (8)
2023-12-07 00:59:49,240.240 INFO feature_selection - run_selection_iteration: Best treshold: 0.29
2023-12-07 00:59:49,240.240 INFO feature_selection - run_selection_iteration: Train score: 0.1898829253459024
2023-12-07 00:59:49,240.240 INFO feature_selection - run_selection_iteration: Validation score: 0.19885414124510456
2023-12-07 00:59:49,241.241 INFO feature_selection - run_selection_iteration: Starting evaluation of additional feature (9)
2023-12-07 01:05:08,250.250 INFO feature_selection - run_selection_iteration: Best treshold: 0.32
2023-12-07 01:05:08,250.250 INFO feature_selection - run_selection_iteration: Train score: 0.17504625927711398
2023-12-07 01:05:08,250.250 INFO feature_selection - run_selection_iteration: Validation score: 0.19748287908135032
2023-12-07 01:05:08,250.250 INFO feature_selection - run_selection_iteration: Starting evaluation of additional feature (10)
2023-12-07 01:10:27,965.965 INFO feature_selection - run_selection_iteration: Best treshold: 0.31
2023-12-07 01:10:27,965.965 INFO feature_selection - run_selection_iteration: Train score: 0.18794100756213764
2023-12-07 01:10:27,965.965 INFO feature_selection - run_selection_iteration: Validation score: 0.2211488441480832
2023-12-07 01:10:27,966.966 INFO feature_selection - run_selection_iteration: Starting evaluation of additional feature (11)
2023-12-07 01:15:46,648.648 INFO feature_selection - run_selection_iteration: Best treshold: 0.31
2023-12-07 01:15:46,648.648 INFO feature_selection - run_selection_iteration: Train score: 0.17371210496601647
2023-12-07 01:15:46,648.648 INFO feature_selection - run_selection_iteration: Validation score: 0.18963499846040882
2023-12-07 01:15:46,649.649 INFO feature_selection - run_selection_iteration: Starting evaluation of additional feature (12)
2023-12-07 01:21:05,824.824 INFO feature_selection - run_selection_iteration: Best treshold: 0.31
2023-12-07 01:21:05,824.824 INFO feature_selection - run_selection_iteration: Train score: 0.1775968649738994
2023-12-07 01:21:05,824.824 INFO feature_selection - run_selection_iteration: Validation score: 0.19659627860420636
2023-12-07 01:21:05,825.825 INFO feature_selection - run_selection_iteration: Starting evaluation of additional feature (13)
2023-12-07 01:26:25,966.966 INFO feature_selection - run_selection_iteration: Best treshold: 0.31
2023-12-07 01:26:25,966.966 INFO feature_selection - run_selection_iteration: Train score: 0.1776830635919623
2023-12-07 01:26:25,966.966 INFO feature_selection - run_selection_iteration: Validation score: 0.16679119583320878
2023-12-07 01:26:25,967.967 INFO feature_selection - run_selection_iteration: Starting evaluation of additional feature (14)
2023-12-07 01:31:45,436.436 INFO feature_selection - run_selection_iteration: Best treshold: 0.3
2023-12-07 01:31:45,436.436 INFO feature_selection - run_selection_iteration: Train score: 0.19635156258661018
2023-12-07 01:31:45,436.436 INFO feature_selection - run_selection_iteration: Validation score: 0.19925892645787138
2023-12-07 01:31:45,437.437 INFO feature_selection - run_selection_iteration: Starting evaluation of additional feature (15)
2023-12-07 01:37:04,770.770 INFO feature_selection - run_selection_iteration: Best treshold: 0.31
2023-12-07 01:37:04,770.770 INFO feature_selection - run_selection_iteration: Train score: 0.20489614831051195
2023-12-07 01:37:04,770.770 INFO feature_selection - run_selection_iteration: Validation score: 0.20031626369321465
2023-12-07 01:37:04,771.771 INFO feature_selection - run_selection_iteration: Starting evaluation of additional feature (16)
2023-12-07 01:42:21,525.525 INFO feature_selection - run_selection_iteration: Best treshold: 0.31
2023-12-07 01:42:21,525.525 INFO feature_selection - run_selection_iteration: Train score: 0.18631888063568836
2023-12-07 01:42:21,525.525 INFO feature_selection - run_selection_iteration: Validation score: 0.17491479245829458
2023-12-07 01:42:21,525.525 INFO feature_selection - run_selection_iteration: Starting evaluation of additional feature (17)
2023-12-07 01:47:36,959.959 INFO feature_selection - run_selection_iteration: Best treshold: 0.3
2023-12-07 01:47:36,959.959 INFO feature_selection - run_selection_iteration: Train score: 0.18981635673128888
2023-12-07 01:47:36,959.959 INFO feature_selection - run_selection_iteration: Validation score: 0.1955737118836659
2023-12-07 01:47:36,959.959 INFO feature_selection - run_selection_iteration: Starting evaluation of additional feature (18)
2023-12-07 01:52:51,977.977 INFO feature_selection - run_selection_iteration: Best treshold: 0.33
2023-12-07 01:52:51,977.977 INFO feature_selection - run_selection_iteration: Train score: 0.2252437225754729
2023-12-07 01:52:51,977.977 INFO feature_selection - run_selection_iteration: Validation score: 0.20741453755397268
2023-12-07 01:52:51,977.977 INFO feature_selection - run_selection_iteration: Starting evaluation of additional feature (19)
2023-12-07 01:58:07,269.269 INFO feature_selection - run_selection_iteration: Best treshold: 0.32
2023-12-07 01:58:07,269.269 INFO feature_selection - run_selection_iteration: Train score: 0.2113667434645387
2023-12-07 01:58:07,269.269 INFO feature_selection - run_selection_iteration: Validation score: 0.16585844470542763
2023-12-07 01:58:07,269.269 INFO feature_selection - run_selection_iteration: Starting evaluation of additional feature (21)
2023-12-07 02:03:22,453.453 INFO feature_selection - run_selection_iteration: Best treshold: 0.36
2023-12-07 02:03:22,453.453 INFO feature_selection - run_selection_iteration: Train score: 0.27036344978412435
2023-12-07 02:03:22,453.453 INFO feature_selection - run_selection_iteration: Validation score: 0.20840523775924558
2023-12-07 02:03:22,453.453 INFO feature_selection - run_selection_iteration: Starting evaluation of additional feature (22)
2023-12-07 02:08:37,250.250 INFO feature_selection - run_selection_iteration: Best treshold: 0.34
2023-12-07 02:08:37,260.260 INFO feature_selection - run_selection_iteration: Train score: 0.23618434047984438
2023-12-07 02:08:37,260.260 INFO feature_selection - run_selection_iteration: Validation score: 0.22834866321300057
2023-12-07 02:08:37,260.260 INFO feature_selection - run_selection_iteration: Starting evaluation of additional feature (23)
2023-12-07 02:13:52,694.694 INFO feature_selection - run_selection_iteration: Best treshold: 0.33
2023-12-07 02:13:52,694.694 INFO feature_selection - run_selection_iteration: Train score: 0.2337882728409553
2023-12-07 02:13:52,694.694 INFO feature_selection - run_selection_iteration: Validation score: 0.2225850698890244
2023-12-07 02:13:52,694.694 INFO feature_selection - run_selection_iteration: Starting evaluation of additional feature (24)
2023-12-07 02:19:11,404.404 INFO feature_selection - run_selection_iteration: Best treshold: 0.34
2023-12-07 02:19:11,404.404 INFO feature_selection - run_selection_iteration: Train score: 0.23048374003739053
2023-12-07 02:19:11,404.404 INFO feature_selection - run_selection_iteration: Validation score: 0.2111218405102102
2023-12-07 02:19:11,406.406 INFO feature_selection - <module>: New channel added: 5 ((0.23108025348163622, 0.22029424961888017) -> (0.19275738006239518, 0.2468431834753724))
2023-12-07 02:19:11,407.407 INFO feature_selection - <module>: Selection loop iteration 3 | Initial channels: [0, 1, 2, 3, 20, 5]
2023-12-07 02:24:30,646.646 INFO feature_selection - run_selection_iteration: Basic scores: (0.19320477305485156, 0.25100606032719247)
2023-12-07 02:24:30,647.647 INFO feature_selection - run_selection_iteration: Starting evaluation of additional feature (4)
2023-12-07 02:29:43,622.622 INFO feature_selection - run_selection_iteration: Best treshold: 0.29
2023-12-07 02:29:43,623.623 INFO feature_selection - run_selection_iteration: Train score: 0.16756577414420162
2023-12-07 02:29:43,623.623 INFO feature_selection - run_selection_iteration: Validation score: 0.20474049528282917
2023-12-07 02:29:43,623.623 INFO feature_selection - run_selection_iteration: Starting evaluation of additional feature (6)
2023-12-07 02:34:59,139.139 INFO feature_selection - run_selection_iteration: Best treshold: 0.29
2023-12-07 02:34:59,139.139 INFO feature_selection - run_selection_iteration: Train score: 0.15418579483403586
2023-12-07 02:34:59,139.139 INFO feature_selection - run_selection_iteration: Validation score: 0.18805269211889428
2023-12-07 02:34:59,140.140 INFO feature_selection - run_selection_iteration: Starting evaluation of additional feature (7)
2023-12-07 02:40:10,335.335 INFO feature_selection - run_selection_iteration: Best treshold: 0.29
2023-12-07 02:40:10,335.335 INFO feature_selection - run_selection_iteration: Train score: 0.15269252120524313
2023-12-07 02:40:10,336.336 INFO feature_selection - run_selection_iteration: Validation score: 0.18337100875953657
2023-12-07 02:40:10,336.336 INFO feature_selection - run_selection_iteration: Starting evaluation of additional feature (8)
2023-12-07 02:45:23,121.121 INFO feature_selection - run_selection_iteration: Best treshold: 0.28
2023-12-07 02:45:23,121.121 INFO feature_selection - run_selection_iteration: Train score: 0.16395144743022422
2023-12-07 02:45:23,121.121 INFO feature_selection - run_selection_iteration: Validation score: 0.21721721721721723
2023-12-07 02:45:23,122.122 INFO feature_selection - run_selection_iteration: Starting evaluation of additional feature (9)
2023-12-07 02:50:36,393.393 INFO feature_selection - run_selection_iteration: Best treshold: 0.28
2023-12-07 02:50:36,393.393 INFO feature_selection - run_selection_iteration: Train score: 0.14303878715994425
2023-12-07 02:50:36,393.393 INFO feature_selection - run_selection_iteration: Validation score: 0.18088149143664498
2023-12-07 02:50:36,394.394 INFO feature_selection - run_selection_iteration: Starting evaluation of additional feature (10)
2023-12-07 02:55:49,266.266 INFO feature_selection - run_selection_iteration: Best treshold: 0.29
2023-12-07 02:55:49,266.266 INFO feature_selection - run_selection_iteration: Train score: 0.14301467003058027
2023-12-07 02:55:49,266.266 INFO feature_selection - run_selection_iteration: Validation score: 0.19822771695457267
2023-12-07 02:55:49,267.267 INFO feature_selection - run_selection_iteration: Starting evaluation of additional feature (11)
2023-12-07 03:01:02,145.145 INFO feature_selection - run_selection_iteration: Best treshold: 0.29
2023-12-07 03:01:02,145.145 INFO feature_selection - run_selection_iteration: Train score: 0.13909562806749554
2023-12-07 03:01:02,145.145 INFO feature_selection - run_selection_iteration: Validation score: 0.14619357030085356
2023-12-07 03:01:02,146.146 INFO feature_selection - run_selection_iteration: Starting evaluation of additional feature (12)
2023-12-07 03:06:14,890.890 INFO feature_selection - run_selection_iteration: Best treshold: 0.29
2023-12-07 03:06:14,890.890 INFO feature_selection - run_selection_iteration: Train score: 0.14902988567226047
2023-12-07 03:06:14,890.890 INFO feature_selection - run_selection_iteration: Validation score: 0.20063896966142097
2023-12-07 03:06:14,891.891 INFO feature_selection - run_selection_iteration: Starting evaluation of additional feature (13)
2023-12-07 03:11:27,928.928 INFO feature_selection - run_selection_iteration: Best treshold: 0.29
2023-12-07 03:11:27,928.928 INFO feature_selection - run_selection_iteration: Train score: 0.1556353236444289
2023-12-07 03:11:27,928.928 INFO feature_selection - run_selection_iteration: Validation score: 0.20733704069741715
2023-12-07 03:11:27,929.929 INFO feature_selection - run_selection_iteration: Starting evaluation of additional feature (14)
2023-12-07 03:16:40,778.778 INFO feature_selection - run_selection_iteration: Best treshold: 0.29
2023-12-07 03:16:40,778.778 INFO feature_selection - run_selection_iteration: Train score: 0.1664955935653176
2023-12-07 03:16:40,778.778 INFO feature_selection - run_selection_iteration: Validation score: 0.1913339104148259
2023-12-07 03:16:40,779.779 INFO feature_selection - run_selection_iteration: Starting evaluation of additional feature (15)
2023-12-07 03:21:54,057.057 INFO feature_selection - run_selection_iteration: Best treshold: 0.29
2023-12-07 03:21:54,057.057 INFO feature_selection - run_selection_iteration: Train score: 0.16216437225795338
2023-12-07 03:21:54,058.058 INFO feature_selection - run_selection_iteration: Validation score: 0.19575366973465827
2023-12-07 03:21:54,059.059 INFO feature_selection - run_selection_iteration: Starting evaluation of additional feature (16)
2023-12-07 03:27:06,826.826 INFO feature_selection - run_selection_iteration: Best treshold: 0.29
2023-12-07 03:27:06,826.826 INFO feature_selection - run_selection_iteration: Train score: 0.1615615014799428
2023-12-07 03:27:06,827.827 INFO feature_selection - run_selection_iteration: Validation score: 0.19170174825817599
2023-12-07 03:27:06,827.827 INFO feature_selection - run_selection_iteration: Starting evaluation of additional feature (17)
2023-12-07 03:32:19,856.856 INFO feature_selection - run_selection_iteration: Best treshold: 0.29
2023-12-07 03:32:19,856.856 INFO feature_selection - run_selection_iteration: Train score: 0.16506165900917136
2023-12-07 03:32:19,856.856 INFO feature_selection - run_selection_iteration: Validation score: 0.18250004381122623
2023-12-07 03:32:19,857.857 INFO feature_selection - run_selection_iteration: Starting evaluation of additional feature (18)
2023-12-07 03:37:35,108.108 INFO feature_selection - run_selection_iteration: Best treshold: 0.29
2023-12-07 03:37:35,108.108 INFO feature_selection - run_selection_iteration: Train score: 0.18343647198052268
2023-12-07 03:37:35,108.108 INFO feature_selection - run_selection_iteration: Validation score: 0.22752924297898983
2023-12-07 03:37:35,108.108 INFO feature_selection - run_selection_iteration: Starting evaluation of additional feature (19)
2023-12-07 03:42:43,875.875 INFO feature_selection - run_selection_iteration: Best treshold: 0.29
2023-12-07 03:42:43,875.875 INFO feature_selection - run_selection_iteration: Train score: 0.16381489902760066
2023-12-07 03:42:43,875.875 INFO feature_selection - run_selection_iteration: Validation score: 0.20793071024863105
2023-12-07 03:42:43,875.875 INFO feature_selection - run_selection_iteration: Starting evaluation of additional feature (21)
2023-12-07 03:47:52,695.695 INFO feature_selection - run_selection_iteration: Best treshold: 0.33
2023-12-07 03:47:52,695.695 INFO feature_selection - run_selection_iteration: Train score: 0.24827467026412317
2023-12-07 03:47:52,695.695 INFO feature_selection - run_selection_iteration: Validation score: 0.22910365922625633
2023-12-07 03:47:52,695.695 INFO feature_selection - run_selection_iteration: Starting evaluation of additional feature (22)
2023-12-07 03:53:10,614.614 INFO feature_selection - run_selection_iteration: Best treshold: 0.31
2023-12-07 03:53:10,614.614 INFO feature_selection - run_selection_iteration: Train score: 0.18449132807340726
2023-12-07 03:53:10,614.614 INFO feature_selection - run_selection_iteration: Validation score: 0.20638207935919448
2023-12-07 03:53:10,614.614 INFO feature_selection - run_selection_iteration: Starting evaluation of additional feature (23)
2023-12-07 03:58:19,069.069 INFO feature_selection - run_selection_iteration: Best treshold: 0.31
2023-12-07 03:58:19,069.069 INFO feature_selection - run_selection_iteration: Train score: 0.18712549341572535
2023-12-07 03:58:19,069.069 INFO feature_selection - run_selection_iteration: Validation score: 0.21822567566646753
2023-12-07 03:58:19,069.069 INFO feature_selection - run_selection_iteration: Starting evaluation of additional feature (24)
2023-12-07 04:03:27,634.634 INFO feature_selection - run_selection_iteration: Best treshold: 0.3
2023-12-07 04:03:27,634.634 INFO feature_selection - run_selection_iteration: Train score: 0.18630668691770977
2023-12-07 04:03:27,634.634 INFO feature_selection - run_selection_iteration: Validation score: 0.23057207554681863
2023-12-07 04:03:27,634.634 INFO feature_selection - <module>: New iteration didn't find any channel that would increase model score
2023-12-07 04:03:27,634.634 INFO feature_selection - <module>: Final channels: [0, 1, 2, 3, 20, 5]
