2023-12-09 20:01:28,721.721 INFO feature_selection - <module>: Selection loop iteration 1 | Initial channels: [0, 1, 2, 3]
2023-12-09 20:06:39,357.357 INFO feature_selection - run_selection_iteration: Basic scores: (0.21174006121835567, 0.16035367797482333)
2023-12-09 20:06:39,358.358 INFO feature_selection - run_selection_iteration: Starting evaluation of additional feature (4)
2023-12-09 20:11:54,725.725 INFO feature_selection - run_selection_iteration: Best treshold: 0.29
2023-12-09 20:11:54,725.725 INFO feature_selection - run_selection_iteration: Train score: 0.17799835965594835
2023-12-09 20:11:54,726.726 INFO feature_selection - run_selection_iteration: Validation score: 0.2221780422391564
2023-12-09 20:11:54,726.726 INFO feature_selection - run_selection_iteration: Starting evaluation of additional feature (5)
2023-12-09 20:17:09,596.596 INFO feature_selection - run_selection_iteration: Best treshold: 0.29
2023-12-09 20:17:09,597.597 INFO feature_selection - run_selection_iteration: Train score: 0.19630108244056302
2023-12-09 20:17:09,597.597 INFO feature_selection - run_selection_iteration: Validation score: 0.23261524674708534
2023-12-09 20:17:09,597.597 INFO feature_selection - run_selection_iteration: Starting evaluation of additional feature (6)
2023-12-09 20:22:25,618.618 INFO feature_selection - run_selection_iteration: Best treshold: 0.3
2023-12-09 20:22:25,618.618 INFO feature_selection - run_selection_iteration: Train score: 0.1670160873455486
2023-12-09 20:22:25,618.618 INFO feature_selection - run_selection_iteration: Validation score: 0.20181296425578193
2023-12-09 20:22:25,618.618 INFO feature_selection - run_selection_iteration: Starting evaluation of additional feature (7)
2023-12-09 20:27:40,652.652 INFO feature_selection - run_selection_iteration: Best treshold: 0.31
2023-12-09 20:27:40,652.652 INFO feature_selection - run_selection_iteration: Train score: 0.17626686558948992
2023-12-09 20:27:40,652.652 INFO feature_selection - run_selection_iteration: Validation score: 0.20524627725610203
2023-12-09 20:27:40,652.652 INFO feature_selection - run_selection_iteration: Starting evaluation of additional feature (8)
2023-12-09 20:32:55,542.542 INFO feature_selection - run_selection_iteration: Best treshold: 0.29
2023-12-09 20:32:55,542.542 INFO feature_selection - run_selection_iteration: Train score: 0.18969045550140418
2023-12-09 20:32:55,542.542 INFO feature_selection - run_selection_iteration: Validation score: 0.17853951505113533
2023-12-09 20:32:55,542.542 INFO feature_selection - run_selection_iteration: Starting evaluation of additional feature (9)
2023-12-09 20:38:12,104.104 INFO feature_selection - run_selection_iteration: Best treshold: 0.3
2023-12-09 20:38:12,104.104 INFO feature_selection - run_selection_iteration: Train score: 0.15395654795522196
2023-12-09 20:38:12,104.104 INFO feature_selection - run_selection_iteration: Validation score: 0.19348240642738157
2023-12-09 20:38:12,104.104 INFO feature_selection - run_selection_iteration: Starting evaluation of additional feature (10)
2023-12-09 20:43:28,782.782 INFO feature_selection - run_selection_iteration: Best treshold: 0.31
2023-12-09 20:43:28,782.782 INFO feature_selection - run_selection_iteration: Train score: 0.18785549666154835
2023-12-09 20:43:28,782.782 INFO feature_selection - run_selection_iteration: Validation score: 0.20786623880766883
2023-12-09 20:43:28,782.782 INFO feature_selection - run_selection_iteration: Starting evaluation of additional feature (11)
2023-12-09 20:48:45,078.078 INFO feature_selection - run_selection_iteration: Best treshold: 0.3
2023-12-09 20:48:45,079.079 INFO feature_selection - run_selection_iteration: Train score: 0.17408355440573547
2023-12-09 20:48:45,079.079 INFO feature_selection - run_selection_iteration: Validation score: 0.168876386003168
2023-12-09 20:48:45,079.079 INFO feature_selection - run_selection_iteration: Starting evaluation of additional feature (12)
2023-12-09 20:54:02,980.980 INFO feature_selection - run_selection_iteration: Best treshold: 0.31
2023-12-09 20:54:02,980.980 INFO feature_selection - run_selection_iteration: Train score: 0.17717530331564874
2023-12-09 20:54:02,980.980 INFO feature_selection - run_selection_iteration: Validation score: 0.1948421275797282
2023-12-09 20:54:02,981.981 INFO feature_selection - run_selection_iteration: Starting evaluation of additional feature (13)
2023-12-09 20:59:20,099.099 INFO feature_selection - run_selection_iteration: Best treshold: 0.32
2023-12-09 20:59:20,099.099 INFO feature_selection - run_selection_iteration: Train score: 0.17609314727018863
2023-12-09 20:59:20,099.099 INFO feature_selection - run_selection_iteration: Validation score: 0.18458911793193647
2023-12-09 20:59:20,100.100 INFO feature_selection - run_selection_iteration: Starting evaluation of additional feature (14)
2023-12-09 21:04:37,554.554 INFO feature_selection - run_selection_iteration: Best treshold: 0.3
2023-12-09 21:04:37,554.554 INFO feature_selection - run_selection_iteration: Train score: 0.18837487868640326
2023-12-09 21:04:37,554.554 INFO feature_selection - run_selection_iteration: Validation score: 0.18973495029514267
2023-12-09 21:04:37,556.556 INFO feature_selection - run_selection_iteration: Starting evaluation of additional feature (15)
2023-12-09 21:09:53,267.267 INFO feature_selection - run_selection_iteration: Best treshold: 0.3
2023-12-09 21:09:53,267.267 INFO feature_selection - run_selection_iteration: Train score: 0.2009088221747111
2023-12-09 21:09:53,267.267 INFO feature_selection - run_selection_iteration: Validation score: 0.18766624466516135
2023-12-09 21:09:53,267.267 INFO feature_selection - run_selection_iteration: Starting evaluation of additional feature (16)
2023-12-09 21:15:09,216.216 INFO feature_selection - run_selection_iteration: Best treshold: 0.29
2023-12-09 21:15:09,216.216 INFO feature_selection - run_selection_iteration: Train score: 0.18326570785528545
2023-12-09 21:15:09,216.216 INFO feature_selection - run_selection_iteration: Validation score: 0.19894566155226934
2023-12-09 21:15:09,216.216 INFO feature_selection - run_selection_iteration: Starting evaluation of additional feature (17)
2023-12-09 21:20:25,597.597 INFO feature_selection - run_selection_iteration: Best treshold: 0.3
2023-12-09 21:20:25,597.597 INFO feature_selection - run_selection_iteration: Train score: 0.1910890490375742
2023-12-09 21:20:25,597.597 INFO feature_selection - run_selection_iteration: Validation score: 0.19895941529049657
2023-12-09 21:20:25,598.598 INFO feature_selection - run_selection_iteration: Starting evaluation of additional feature (18)
2023-12-09 21:25:41,474.474 INFO feature_selection - run_selection_iteration: Best treshold: 0.33
2023-12-09 21:25:41,474.474 INFO feature_selection - run_selection_iteration: Train score: 0.22449819850662306
2023-12-09 21:25:41,475.475 INFO feature_selection - run_selection_iteration: Validation score: 0.18390525464738514
2023-12-09 21:25:41,475.475 INFO feature_selection - run_selection_iteration: Starting evaluation of additional feature (19)
2023-12-09 21:30:58,022.022 INFO feature_selection - run_selection_iteration: Best treshold: 0.32
2023-12-09 21:30:58,023.023 INFO feature_selection - run_selection_iteration: Train score: 0.21364330355652286
2023-12-09 21:30:58,023.023 INFO feature_selection - run_selection_iteration: Validation score: 0.17331201105423183
2023-12-09 21:30:58,023.023 INFO feature_selection - run_selection_iteration: Starting evaluation of additional feature (20)
2023-12-09 21:36:14,616.616 INFO feature_selection - run_selection_iteration: Best treshold: 0.33
2023-12-09 21:36:14,616.616 INFO feature_selection - run_selection_iteration: Train score: 0.2294711632370551
2023-12-09 21:36:14,616.616 INFO feature_selection - run_selection_iteration: Validation score: 0.21747032299622712
2023-12-09 21:36:14,616.616 INFO feature_selection - run_selection_iteration: Starting evaluation of additional feature (21)
2023-12-09 21:41:30,525.525 INFO feature_selection - run_selection_iteration: Best treshold: 0.34
2023-12-09 21:41:30,525.525 INFO feature_selection - run_selection_iteration: Train score: 0.26953253946185207
2023-12-09 21:41:30,525.525 INFO feature_selection - run_selection_iteration: Validation score: 0.19204766815629656
2023-12-09 21:41:30,525.525 INFO feature_selection - run_selection_iteration: Starting evaluation of additional feature (22)
2023-12-09 21:46:47,837.837 INFO feature_selection - run_selection_iteration: Best treshold: 0.32
2023-12-09 21:46:47,837.837 INFO feature_selection - run_selection_iteration: Train score: 0.22704443986138506
2023-12-09 21:46:47,837.837 INFO feature_selection - run_selection_iteration: Validation score: 0.2214824149270912
2023-12-09 21:46:47,838.838 INFO feature_selection - run_selection_iteration: Starting evaluation of additional feature (23)
2023-12-09 21:52:04,730.730 INFO feature_selection - run_selection_iteration: Best treshold: 0.32
2023-12-09 21:52:04,731.731 INFO feature_selection - run_selection_iteration: Train score: 0.22459725666448985
2023-12-09 21:52:04,731.731 INFO feature_selection - run_selection_iteration: Validation score: 0.2274783385883463
2023-12-09 21:52:04,732.732 INFO feature_selection - run_selection_iteration: Starting evaluation of additional feature (24)
2023-12-09 21:57:20,688.688 INFO feature_selection - run_selection_iteration: Best treshold: 0.33
2023-12-09 21:57:20,688.688 INFO feature_selection - run_selection_iteration: Train score: 0.2213567034093822
2023-12-09 21:57:20,688.688 INFO feature_selection - run_selection_iteration: Validation score: 0.19557489725542068
2023-12-09 21:57:20,690.690 INFO feature_selection - <module>: New channel added: 5 ((0.21174006121835567, 0.16035367797482333) -> (0.19630108244056302, 0.23261524674708534))
2023-12-09 21:57:20,690.690 INFO feature_selection - <module>: Selection loop iteration 2 | Initial channels: [0, 1, 2, 3, 5]
2023-12-09 22:02:37,175.175 INFO feature_selection - run_selection_iteration: Basic scores: (0.19883845828354083, 0.22987195688976847)
2023-12-09 22:02:37,175.175 INFO feature_selection - run_selection_iteration: Starting evaluation of additional feature (4)
2023-12-09 22:07:59,410.410 INFO feature_selection - run_selection_iteration: Best treshold: 0.3
2023-12-09 22:07:59,410.410 INFO feature_selection - run_selection_iteration: Train score: 0.1664597722001218
2023-12-09 22:07:59,410.410 INFO feature_selection - run_selection_iteration: Validation score: 0.21390798777758008
2023-12-09 22:07:59,411.411 INFO feature_selection - run_selection_iteration: Starting evaluation of additional feature (6)
2023-12-09 22:13:21,727.727 INFO feature_selection - run_selection_iteration: Best treshold: 0.3
2023-12-09 22:13:21,728.728 INFO feature_selection - run_selection_iteration: Train score: 0.15029928226776904
2023-12-09 22:13:21,728.728 INFO feature_selection - run_selection_iteration: Validation score: 0.18496363858321271
2023-12-09 22:13:21,728.728 INFO feature_selection - run_selection_iteration: Starting evaluation of additional feature (7)
2023-12-09 22:18:44,729.729 INFO feature_selection - run_selection_iteration: Best treshold: 0.3
2023-12-09 22:18:44,729.729 INFO feature_selection - run_selection_iteration: Train score: 0.15389888603256213
2023-12-09 22:18:44,729.729 INFO feature_selection - run_selection_iteration: Validation score: 0.19036521398438896
2023-12-09 22:18:44,730.730 INFO feature_selection - run_selection_iteration: Starting evaluation of additional feature (8)
2023-12-09 22:24:06,810.810 INFO feature_selection - run_selection_iteration: Best treshold: 0.31
2023-12-09 22:24:06,810.810 INFO feature_selection - run_selection_iteration: Train score: 0.1676037100993257
2023-12-09 22:24:06,810.810 INFO feature_selection - run_selection_iteration: Validation score: 0.21213052495324003
2023-12-09 22:24:06,811.811 INFO feature_selection - run_selection_iteration: Starting evaluation of additional feature (9)
2023-12-09 22:29:27,541.541 INFO feature_selection - run_selection_iteration: Best treshold: 0.29
2023-12-09 22:29:27,541.541 INFO feature_selection - run_selection_iteration: Train score: 0.14646840696808627
2023-12-09 22:29:27,541.541 INFO feature_selection - run_selection_iteration: Validation score: 0.17384359837869476
2023-12-09 22:29:27,542.542 INFO feature_selection - run_selection_iteration: Starting evaluation of additional feature (10)
2023-12-09 22:34:49,011.011 INFO feature_selection - run_selection_iteration: Best treshold: 0.3
2023-12-09 22:34:49,012.012 INFO feature_selection - run_selection_iteration: Train score: 0.1586703230773024
2023-12-09 22:34:49,012.012 INFO feature_selection - run_selection_iteration: Validation score: 0.2023938275885266
2023-12-09 22:34:49,013.013 INFO feature_selection - run_selection_iteration: Starting evaluation of additional feature (11)
2023-12-09 22:40:10,741.741 INFO feature_selection - run_selection_iteration: Best treshold: 0.31
2023-12-09 22:40:10,741.741 INFO feature_selection - run_selection_iteration: Train score: 0.15004303821681136
2023-12-09 22:40:10,742.742 INFO feature_selection - run_selection_iteration: Validation score: 0.21009173001960252
2023-12-09 22:40:10,742.742 INFO feature_selection - run_selection_iteration: Starting evaluation of additional feature (12)
2023-12-09 22:45:32,462.462 INFO feature_selection - run_selection_iteration: Best treshold: 0.3
2023-12-09 22:45:32,462.462 INFO feature_selection - run_selection_iteration: Train score: 0.15584997191633193
2023-12-09 22:45:32,462.462 INFO feature_selection - run_selection_iteration: Validation score: 0.22247182121067743
2023-12-09 22:45:32,463.463 INFO feature_selection - run_selection_iteration: Starting evaluation of additional feature (13)
2023-12-09 22:50:53,968.968 INFO feature_selection - run_selection_iteration: Best treshold: 0.3
2023-12-09 22:50:53,968.968 INFO feature_selection - run_selection_iteration: Train score: 0.15337060762848437
2023-12-09 22:50:53,968.968 INFO feature_selection - run_selection_iteration: Validation score: 0.21117707112337883
2023-12-09 22:50:53,968.968 INFO feature_selection - run_selection_iteration: Starting evaluation of additional feature (14)
2023-12-09 22:56:15,502.502 INFO feature_selection - run_selection_iteration: Best treshold: 0.31
2023-12-09 22:56:15,502.502 INFO feature_selection - run_selection_iteration: Train score: 0.16642883363255614
2023-12-09 22:56:15,502.502 INFO feature_selection - run_selection_iteration: Validation score: 0.19808654887541402
2023-12-09 22:56:15,502.502 INFO feature_selection - run_selection_iteration: Starting evaluation of additional feature (15)
2023-12-09 23:01:37,212.212 INFO feature_selection - run_selection_iteration: Best treshold: 0.3
2023-12-09 23:01:37,212.212 INFO feature_selection - run_selection_iteration: Train score: 0.16860414388587033
2023-12-09 23:01:37,212.212 INFO feature_selection - run_selection_iteration: Validation score: 0.22055093526372505
2023-12-09 23:01:37,212.212 INFO feature_selection - run_selection_iteration: Starting evaluation of additional feature (16)
2023-12-09 23:06:58,629.629 INFO feature_selection - run_selection_iteration: Best treshold: 0.3
2023-12-09 23:06:58,629.629 INFO feature_selection - run_selection_iteration: Train score: 0.15294811406960848
2023-12-09 23:06:58,629.629 INFO feature_selection - run_selection_iteration: Validation score: 0.1859572589981898
2023-12-09 23:06:58,629.629 INFO feature_selection - run_selection_iteration: Starting evaluation of additional feature (17)
2023-12-09 23:12:20,829.829 INFO feature_selection - run_selection_iteration: Best treshold: 0.29
2023-12-09 23:12:20,829.829 INFO feature_selection - run_selection_iteration: Train score: 0.15476348331187523
2023-12-09 23:12:20,829.829 INFO feature_selection - run_selection_iteration: Validation score: 0.19280295504882158
2023-12-09 23:12:20,829.829 INFO feature_selection - run_selection_iteration: Starting evaluation of additional feature (18)
2023-12-09 23:17:42,684.684 INFO feature_selection - run_selection_iteration: Best treshold: 0.32
2023-12-09 23:17:42,684.684 INFO feature_selection - run_selection_iteration: Train score: 0.18351209819076056
2023-12-09 23:17:42,684.684 INFO feature_selection - run_selection_iteration: Validation score: 0.22804629305154953
2023-12-09 23:17:42,684.684 INFO feature_selection - run_selection_iteration: Starting evaluation of additional feature (19)
2023-12-09 23:23:04,223.223 INFO feature_selection - run_selection_iteration: Best treshold: 0.31
2023-12-09 23:23:04,223.223 INFO feature_selection - run_selection_iteration: Train score: 0.17306844878791597
2023-12-09 23:23:04,223.223 INFO feature_selection - run_selection_iteration: Validation score: 0.2340221056682027
2023-12-09 23:23:04,223.223 INFO feature_selection - run_selection_iteration: Starting evaluation of additional feature (20)
2023-12-09 23:28:25,107.107 INFO feature_selection - run_selection_iteration: Best treshold: 0.33
2023-12-09 23:28:25,107.107 INFO feature_selection - run_selection_iteration: Train score: 0.19215999269047102
2023-12-09 23:28:25,107.107 INFO feature_selection - run_selection_iteration: Validation score: 0.24275455058132156
2023-12-09 23:28:25,108.108 INFO feature_selection - run_selection_iteration: Starting evaluation of additional feature (21)
2023-12-09 23:33:47,247.247 INFO feature_selection - run_selection_iteration: Best treshold: 0.36
2023-12-09 23:33:47,247.247 INFO feature_selection - run_selection_iteration: Train score: 0.24768505254472314
2023-12-09 23:33:47,247.247 INFO feature_selection - run_selection_iteration: Validation score: 0.21563054478543736
2023-12-09 23:33:47,247.247 INFO feature_selection - run_selection_iteration: Starting evaluation of additional feature (22)
2023-12-09 23:39:09,340.340 INFO feature_selection - run_selection_iteration: Best treshold: 0.32
2023-12-09 23:39:09,340.340 INFO feature_selection - run_selection_iteration: Train score: 0.19771450833595558
2023-12-09 23:39:09,340.340 INFO feature_selection - run_selection_iteration: Validation score: 0.22716560723291243
2023-12-09 23:39:09,341.341 INFO feature_selection - run_selection_iteration: Starting evaluation of additional feature (23)
2023-12-09 23:44:31,261.261 INFO feature_selection - run_selection_iteration: Best treshold: 0.33
2023-12-09 23:44:31,261.261 INFO feature_selection - run_selection_iteration: Train score: 0.19294272943373345
2023-12-09 23:44:31,261.261 INFO feature_selection - run_selection_iteration: Validation score: 0.23691465920098786
2023-12-09 23:44:31,262.262 INFO feature_selection - run_selection_iteration: Starting evaluation of additional feature (24)
2023-12-09 23:49:53,442.442 INFO feature_selection - run_selection_iteration: Best treshold: 0.32
2023-12-09 23:49:53,442.442 INFO feature_selection - run_selection_iteration: Train score: 0.19180467694932118
2023-12-09 23:49:53,442.442 INFO feature_selection - run_selection_iteration: Validation score: 0.23793723183435478
2023-12-09 23:49:53,444.444 INFO feature_selection - <module>: New channel added: 20 ((0.19883845828354083, 0.22987195688976847) -> (0.19215999269047102, 0.24275455058132156))
2023-12-09 23:49:53,445.445 INFO feature_selection - <module>: Selection loop iteration 3 | Initial channels: [0, 1, 2, 3, 5, 20]
2023-12-09 23:55:15,714.714 INFO feature_selection - run_selection_iteration: Basic scores: (0.18927500077314008, 0.23362176557262776)
2023-12-09 23:55:15,714.714 INFO feature_selection - run_selection_iteration: Starting evaluation of additional feature (4)
2023-12-10 00:00:40,087.087 INFO feature_selection - run_selection_iteration: Best treshold: 0.29
2023-12-10 00:00:40,088.088 INFO feature_selection - run_selection_iteration: Train score: 0.171023168845559
2023-12-10 00:00:40,088.088 INFO feature_selection - run_selection_iteration: Validation score: 0.20694856697970904
2023-12-10 00:00:40,088.088 INFO feature_selection - run_selection_iteration: Starting evaluation of additional feature (6)
2023-12-10 00:06:17,099.099 INFO feature_selection - run_selection_iteration: Best treshold: 0.3
2023-12-10 00:06:17,099.099 INFO feature_selection - run_selection_iteration: Train score: 0.15843994970001438
2023-12-10 00:06:17,099.099 INFO feature_selection - run_selection_iteration: Validation score: 0.2022288486716566
2023-12-10 00:06:17,099.099 INFO feature_selection - run_selection_iteration: Starting evaluation of additional feature (7)
2023-12-10 00:11:42,036.036 INFO feature_selection - run_selection_iteration: Best treshold: 0.29
2023-12-10 00:11:42,036.036 INFO feature_selection - run_selection_iteration: Train score: 0.15800726730845027
2023-12-10 00:11:42,036.036 INFO feature_selection - run_selection_iteration: Validation score: 0.19581272827176058
2023-12-10 00:11:42,036.036 INFO feature_selection - run_selection_iteration: Starting evaluation of additional feature (8)
2023-12-10 00:17:06,879.879 INFO feature_selection - run_selection_iteration: Best treshold: 0.29
2023-12-10 00:17:06,879.879 INFO feature_selection - run_selection_iteration: Train score: 0.16956047298417382
2023-12-10 00:17:06,879.879 INFO feature_selection - run_selection_iteration: Validation score: 0.21157032618472751
2023-12-10 00:17:06,879.879 INFO feature_selection - run_selection_iteration: Starting evaluation of additional feature (9)
2023-12-10 00:22:31,728.728 INFO feature_selection - run_selection_iteration: Best treshold: 0.28
2023-12-10 00:22:31,728.728 INFO feature_selection - run_selection_iteration: Train score: 0.1561490895034211
2023-12-10 00:22:31,728.728 INFO feature_selection - run_selection_iteration: Validation score: 0.1950656885550848
2023-12-10 00:22:31,728.728 INFO feature_selection - run_selection_iteration: Starting evaluation of additional feature (10)
2023-12-10 00:27:56,438.438 INFO feature_selection - run_selection_iteration: Best treshold: 0.29
2023-12-10 00:27:56,438.438 INFO feature_selection - run_selection_iteration: Train score: 0.15166564469065844
2023-12-10 00:27:56,438.438 INFO feature_selection - run_selection_iteration: Validation score: 0.2084527921379175
2023-12-10 00:27:56,438.438 INFO feature_selection - run_selection_iteration: Starting evaluation of additional feature (11)
2023-12-10 00:33:21,051.051 INFO feature_selection - run_selection_iteration: Best treshold: 0.3
2023-12-10 00:33:21,051.051 INFO feature_selection - run_selection_iteration: Train score: 0.15127238331151507
2023-12-10 00:33:21,051.051 INFO feature_selection - run_selection_iteration: Validation score: 0.16746466855624098
2023-12-10 00:33:21,051.051 INFO feature_selection - run_selection_iteration: Starting evaluation of additional feature (12)
2023-12-10 00:38:45,194.194 INFO feature_selection - run_selection_iteration: Best treshold: 0.29
2023-12-10 00:38:45,195.195 INFO feature_selection - run_selection_iteration: Train score: 0.1531194712421137
2023-12-10 00:38:45,195.195 INFO feature_selection - run_selection_iteration: Validation score: 0.20008001683112653
2023-12-10 00:38:45,195.195 INFO feature_selection - run_selection_iteration: Starting evaluation of additional feature (13)
2023-12-10 00:44:10,504.504 INFO feature_selection - run_selection_iteration: Best treshold: 0.29
2023-12-10 00:44:10,504.504 INFO feature_selection - run_selection_iteration: Train score: 0.15529427411998223
2023-12-10 00:44:10,504.504 INFO feature_selection - run_selection_iteration: Validation score: 0.21056279606738046
2023-12-10 00:44:10,504.504 INFO feature_selection - run_selection_iteration: Starting evaluation of additional feature (14)
2023-12-10 00:49:35,214.214 INFO feature_selection - run_selection_iteration: Best treshold: 0.29
2023-12-10 00:49:35,214.214 INFO feature_selection - run_selection_iteration: Train score: 0.16661462957723117
2023-12-10 00:49:35,215.215 INFO feature_selection - run_selection_iteration: Validation score: 0.1928130652197042
2023-12-10 00:49:35,215.215 INFO feature_selection - run_selection_iteration: Starting evaluation of additional feature (15)
2023-12-10 00:54:59,568.568 INFO feature_selection - run_selection_iteration: Best treshold: 0.29
2023-12-10 00:54:59,568.568 INFO feature_selection - run_selection_iteration: Train score: 0.1675969654340836
2023-12-10 00:54:59,568.568 INFO feature_selection - run_selection_iteration: Validation score: 0.18917794410963606
2023-12-10 00:54:59,569.569 INFO feature_selection - run_selection_iteration: Starting evaluation of additional feature (16)
2023-12-10 01:00:24,708.708 INFO feature_selection - run_selection_iteration: Best treshold: 0.29
2023-12-10 01:00:24,708.708 INFO feature_selection - run_selection_iteration: Train score: 0.1604195312250184
2023-12-10 01:00:24,708.708 INFO feature_selection - run_selection_iteration: Validation score: 0.1922012813418756
2023-12-10 01:00:24,709.709 INFO feature_selection - run_selection_iteration: Starting evaluation of additional feature (17)
2023-12-10 01:05:49,422.422 INFO feature_selection - run_selection_iteration: Best treshold: 0.29
2023-12-10 01:05:49,422.422 INFO feature_selection - run_selection_iteration: Train score: 0.15822668805849108
2023-12-10 01:05:49,422.422 INFO feature_selection - run_selection_iteration: Validation score: 0.1800574895601206
2023-12-10 01:05:49,422.422 INFO feature_selection - run_selection_iteration: Starting evaluation of additional feature (18)
2023-12-10 01:11:14,379.379 INFO feature_selection - run_selection_iteration: Best treshold: 0.3
2023-12-10 01:11:14,379.379 INFO feature_selection - run_selection_iteration: Train score: 0.17628770239168765
2023-12-10 01:11:14,379.379 INFO feature_selection - run_selection_iteration: Validation score: 0.22837229575115464
2023-12-10 01:11:14,380.380 INFO feature_selection - run_selection_iteration: Starting evaluation of additional feature (19)
2023-12-10 01:16:38,522.522 INFO feature_selection - run_selection_iteration: Best treshold: 0.29
2023-12-10 01:16:38,522.522 INFO feature_selection - run_selection_iteration: Train score: 0.16867081866777567
2023-12-10 01:16:38,522.522 INFO feature_selection - run_selection_iteration: Validation score: 0.2138504470641836
2023-12-10 01:16:38,522.522 INFO feature_selection - run_selection_iteration: Starting evaluation of additional feature (21)
2023-12-10 01:22:04,242.242 INFO feature_selection - run_selection_iteration: Best treshold: 0.33
2023-12-10 01:22:04,242.242 INFO feature_selection - run_selection_iteration: Train score: 0.24659717800643832
2023-12-10 01:22:04,242.242 INFO feature_selection - run_selection_iteration: Validation score: 0.225856418026236
2023-12-10 01:22:04,243.243 INFO feature_selection - run_selection_iteration: Starting evaluation of additional feature (22)
2023-12-10 01:27:28,953.953 INFO feature_selection - run_selection_iteration: Best treshold: 0.3
2023-12-10 01:27:28,954.954 INFO feature_selection - run_selection_iteration: Train score: 0.1822411284418124
2023-12-10 01:27:28,954.954 INFO feature_selection - run_selection_iteration: Validation score: 0.2069528645891591
2023-12-10 01:27:28,955.955 INFO feature_selection - run_selection_iteration: Starting evaluation of additional feature (23)
2023-12-10 01:32:53,376.376 INFO feature_selection - run_selection_iteration: Best treshold: 0.3
2023-12-10 01:32:53,376.376 INFO feature_selection - run_selection_iteration: Train score: 0.18202484786888437
2023-12-10 01:32:53,376.376 INFO feature_selection - run_selection_iteration: Validation score: 0.2198925085186587
2023-12-10 01:32:53,377.377 INFO feature_selection - run_selection_iteration: Starting evaluation of additional feature (24)
2023-12-10 01:38:18,616.616 INFO feature_selection - run_selection_iteration: Best treshold: 0.29
2023-12-10 01:38:18,616.616 INFO feature_selection - run_selection_iteration: Train score: 0.1817506398460139
2023-12-10 01:38:18,616.616 INFO feature_selection - run_selection_iteration: Validation score: 0.22142944222366237
2023-12-10 01:38:18,618.618 INFO feature_selection - <module>: New iteration didn't find any channel that would increase model score
2023-12-10 01:38:18,618.618 INFO feature_selection - <module>: Final channels: [0, 1, 2, 3, 5, 20]
